index.ts:5 
                  ,d"=≥,.,qOp,
                 ,7'  ''²$(  )
                ,7'      '?q$7'
             ..,$$,.
   ,.  .,,--***²""²***--,,.  .,
 ²   ,p²''              ''²q,   ²
:  ,7'                      '7,  :
 ' $      ,db,      ,db,      $ '
  '$      ²$$²      ²$$²      $'    Using Reddit at work? Work for Reddit.
  '$                          $'      https://www.redditinc.com/careers
   '$.     .,        ,.     .$'
    'b,     '²«»«»«»²'     ,d'
     '²?bn,,          ,,nd?²'
       ,7$ ''²²²²²²²²'' $7,
     ,² ²$              $² ²,
     $  :$              $:  $
     $   $              $   $
     'b  q:            :p  d'
      '²«?$.          .$?»²'
         'b            d'
       ,²²'?,.      .,?'²²,
      ²==--≥²²==--==²²≤--==²

index.tsx:187 Starting Raven release db005b4c2f6f3b6808d2730bb362ec471a0d90f7-production public url https://6b5ce051b2ed4032bd906af3de0630cd@o418887.ingest.sentry.io/5667464
www.reddit.com/:1 
        
       Tracking Prevention blocked access to storage for https://id.rlcdn.com/472486.gif?gtmcb=1236951890.
472486.gif:1 
        
      
        
        
      
        
      
       
        
       GET https://id.rlcdn.com/472486.gif?gtmcb=1236951890 451
Image (async)
sb @ gtm.js?id=GTM-5XVNS82&l=googleTagManager:42
(anonymous) @ gtm.js?id=GTM-5XVNS82&l=googleTagManager:236
uc @ gtm.js?id=GTM-5XVNS82&l=googleTagManager:58
e @ gtm.js?id=GTM-5XVNS82&l=googleTagManager:141
(anonymous) @ gtm.js?id=GTM-5XVNS82&l=googleTagManager:34
(anonymous) @ gtm.js?id=GTM-5XVNS82&l=googleTagManager:142
(anonymous) @ gtm.js?id=GTM-5XVNS82&l=googleTagManager:142
bp @ gtm.js?id=GTM-5XVNS82&l=googleTagManager:181
jp @ gtm.js?id=GTM-5XVNS82&l=googleTagManager:186
qq @ gtm.js?id=GTM-5XVNS82&l=googleTagManager:193
sq @ gtm.js?id=GTM-5XVNS82&l=googleTagManager:195
uq @ gtm.js?id=GTM-5XVNS82&l=googleTagManager:196
setTimeout (async)
L @ gtm.js?id=GTM-5XVNS82&l=googleTagManager:42
wq @ gtm.js?id=GTM-5XVNS82&l=googleTagManager:199
(anonymous) @ gtm.js?id=GTM-5XVNS82&l=googleTagManager:245
(anonymous) @ gtm.js?id=GTM-5XVNS82&l=googleTagManager:244
(anonymous) @ gtm.js?id=GTM-5XVNS82&l=googleTagManager:244
(anonymous) @ gtm.js?id=GTM-5XVNS82&l=googleTagManager:250
www.reddit.com/:1 
        
       Tracking Prevention blocked access to storage for https://secure.quantserve.com/aquant.js?a=p-xLEyC0FLYFXAH.
www.reddit.com/:1 
        
       Tracking Prevention blocked access to storage for https://rules.quantcount.com/rules-p-xLEyC0FLYFXAH.js.
www.reddit.com/:1 
        
       Tracking Prevention blocked access to storage for https://pixel.quantserve.com/pixel;r=657192597;rf=0;a=p-xLEyC0FLYFXAH;url=https%3A%2F%2Fwww.redditmedia.com%2Fgtm%3Fid%3DGTM-5XVNS82%26cb%3Dnull;uh=8a559b60d9c9ca6b2b8d29737d40844c3872a51da78b8e038a936f8299f9e060;uht=2;fpan=1;fpa=P0-714887560-1651612343788;pbc=;ns=1;ce=1;qjs=1;qv=a98acd33-20220316110313;cm=;gdpr=0;ref=;d=www.redditmedia.com;je=0;sr=1680x1050x24;dst=1;et=1651612343788;tzo=-120;ogl=.
Manifest: property 'url' ignored, should be within scope of the manifest.
Manifest: property 'url' ignored, should be within scope of the manifest.
Manifest: property 'url' ignored, should be within scope of the manifest.
Manifest: property 'url' ignored, should be within scope of the manifest.
Manifest: property 'url' ignored, should be within scope of the manifest.
Manifest: property 'url' ignored, should be within scope of the manifest.
Manifest: property 'url' of 'shortcut' not present.
Manifest: property 'url' of 'shortcut' not present.
Manifest: property 'url' of 'shortcut' not present.
Manifest: property 'url' of 'shortcut' not present.
Manifest: property 'url' of 'shortcut' not present.
Manifest: property 'url' of 'shortcut' not present.
instrument.js:102 Not display reason: opt_out_or_no_session
