vendor.9fa8646eabc5bff7e081.js:1 
        
       Mixed Content: The page at 'https://www.csdn.net/' was loaded over HTTPS, but requested an insecure XMLHttpRequest endpoint 'http://mp-admin.csdn.net/kp/api/resourceManage/config?configData=resourcePlatform,product,adShape'. This request has been blocked; the content must be served over HTTPS.
(anonymous) @ vendor.9fa8646eabc5bff7e081.js:1
e.exports @ vendor.9fa8646eabc5bff7e081.js:1
e.exports @ vendor.9fa8646eabc5bff7e081.js:1
Promise.then (async)
K5UY.s.request @ vendor.9fa8646eabc5bff7e081.js:1
s.<computed> @ vendor.9fa8646eabc5bff7e081.js:1
(anonymous) @ vendor.9fa8646eabc5bff7e081.js:1
findByType @ app.9d0d9a11e9a8c789de3b.js:1
dicInit @ app.9d0d9a11e9a8c789de3b.js:1
(anonymous) @ vendor.9fa8646eabc5bff7e081.js:1
d.dispatch @ vendor.9fa8646eabc5bff7e081.js:1
dispatch @ vendor.9fa8646eabc5bff7e081.js:1
mounted @ app.9d0d9a11e9a8c789de3b.js:1
qe @ vendor.9fa8646eabc5bff7e081.js:1
rn @ vendor.9fa8646eabc5bff7e081.js:1
insert @ vendor.9fa8646eabc5bff7e081.js:1
S @ vendor.9fa8646eabc5bff7e081.js:1
(anonymous) @ vendor.9fa8646eabc5bff7e081.js:1
e._update @ vendor.9fa8646eabc5bff7e081.js:1
vn.before @ vendor.9fa8646eabc5bff7e081.js:1
vn.get @ vendor.9fa8646eabc5bff7e081.js:1
vn @ vendor.9fa8646eabc5bff7e081.js:1
(anonymous) @ vendor.9fa8646eabc5bff7e081.js:1
En.$mount @ vendor.9fa8646eabc5bff7e081.js:1
En.$mount @ vendor.9fa8646eabc5bff7e081.js:1
e._init @ vendor.9fa8646eabc5bff7e081.js:1
En @ vendor.9fa8646eabc5bff7e081.js:1
NHnr @ app.9d0d9a11e9a8c789de3b.js:1
o @ manifest.3b75c3cebfdc272c5e8f.js:1
window.webpackJsonp @ manifest.3b75c3cebfdc272c5e8f.js:1
(anonymous) @ app.9d0d9a11e9a8c789de3b.js:1
kunpeng-sc.csdnimg.c….5904&articleId=0:1 
        
       Uncaught (in promise) {code: 0, message: '服务超时,请稍后重试'}
Promise.then (async)
dicInit @ app.9d0d9a11e9a8c789de3b.js:1
(anonymous) @ vendor.9fa8646eabc5bff7e081.js:1
d.dispatch @ vendor.9fa8646eabc5bff7e081.js:1
dispatch @ vendor.9fa8646eabc5bff7e081.js:1
mounted @ app.9d0d9a11e9a8c789de3b.js:1
qe @ vendor.9fa8646eabc5bff7e081.js:1
rn @ vendor.9fa8646eabc5bff7e081.js:1
insert @ vendor.9fa8646eabc5bff7e081.js:1
S @ vendor.9fa8646eabc5bff7e081.js:1
(anonymous) @ vendor.9fa8646eabc5bff7e081.js:1
e._update @ vendor.9fa8646eabc5bff7e081.js:1
vn.before @ vendor.9fa8646eabc5bff7e081.js:1
vn.get @ vendor.9fa8646eabc5bff7e081.js:1
vn @ vendor.9fa8646eabc5bff7e081.js:1
(anonymous) @ vendor.9fa8646eabc5bff7e081.js:1
En.$mount @ vendor.9fa8646eabc5bff7e081.js:1
En.$mount @ vendor.9fa8646eabc5bff7e081.js:1
e._init @ vendor.9fa8646eabc5bff7e081.js:1
En @ vendor.9fa8646eabc5bff7e081.js:1
NHnr @ app.9d0d9a11e9a8c789de3b.js:1
o @ manifest.3b75c3cebfdc272c5e8f.js:1
window.webpackJsonp @ manifest.3b75c3cebfdc272c5e8f.js:1
(anonymous) @ app.9d0d9a11e9a8c789de3b.js:1
vendor.9fa8646eabc5bff7e081.js:1 
        
       Mixed Content: The page at 'https://www.csdn.net/' was loaded over HTTPS, but requested an insecure XMLHttpRequest endpoint 'http://mp-admin.csdn.net/kp/api/resourceManage/config?configData=resourcePlatform,product,adShape'. This request has been blocked; the content must be served over HTTPS.
(anonymous) @ vendor.9fa8646eabc5bff7e081.js:1
e.exports @ vendor.9fa8646eabc5bff7e081.js:1
e.exports @ vendor.9fa8646eabc5bff7e081.js:1
Promise.then (async)
K5UY.s.request @ vendor.9fa8646eabc5bff7e081.js:1
s.<computed> @ vendor.9fa8646eabc5bff7e081.js:1
(anonymous) @ vendor.9fa8646eabc5bff7e081.js:1
findByType @ app.9d0d9a11e9a8c789de3b.js:1
dicInit @ app.9d0d9a11e9a8c789de3b.js:1
(anonymous) @ vendor.9fa8646eabc5bff7e081.js:1
d.dispatch @ vendor.9fa8646eabc5bff7e081.js:1
dispatch @ vendor.9fa8646eabc5bff7e081.js:1
mounted @ app.9d0d9a11e9a8c789de3b.js:1
qe @ vendor.9fa8646eabc5bff7e081.js:1
rn @ vendor.9fa8646eabc5bff7e081.js:1
insert @ vendor.9fa8646eabc5bff7e081.js:1
S @ vendor.9fa8646eabc5bff7e081.js:1
(anonymous) @ vendor.9fa8646eabc5bff7e081.js:1
e._update @ vendor.9fa8646eabc5bff7e081.js:1
vn.before @ vendor.9fa8646eabc5bff7e081.js:1
vn.get @ vendor.9fa8646eabc5bff7e081.js:1
vn @ vendor.9fa8646eabc5bff7e081.js:1
(anonymous) @ vendor.9fa8646eabc5bff7e081.js:1
En.$mount @ vendor.9fa8646eabc5bff7e081.js:1
En.$mount @ vendor.9fa8646eabc5bff7e081.js:1
e._init @ vendor.9fa8646eabc5bff7e081.js:1
En @ vendor.9fa8646eabc5bff7e081.js:1
NHnr @ app.9d0d9a11e9a8c789de3b.js:1
o @ manifest.3b75c3cebfdc272c5e8f.js:1
window.webpackJsonp @ manifest.3b75c3cebfdc272c5e8f.js:1
(anonymous) @ app.9d0d9a11e9a8c789de3b.js:1
kunpeng-sc.csdnimg.c….5911&articleId=0:1 
        
       Uncaught (in promise) {code: 0, message: '服务超时,请稍后重试'}
Promise.then (async)
dicInit @ app.9d0d9a11e9a8c789de3b.js:1
(anonymous) @ vendor.9fa8646eabc5bff7e081.js:1
d.dispatch @ vendor.9fa8646eabc5bff7e081.js:1
dispatch @ vendor.9fa8646eabc5bff7e081.js:1
mounted @ app.9d0d9a11e9a8c789de3b.js:1
qe @ vendor.9fa8646eabc5bff7e081.js:1
rn @ vendor.9fa8646eabc5bff7e081.js:1
insert @ vendor.9fa8646eabc5bff7e081.js:1
S @ vendor.9fa8646eabc5bff7e081.js:1
(anonymous) @ vendor.9fa8646eabc5bff7e081.js:1
e._update @ vendor.9fa8646eabc5bff7e081.js:1
vn.before @ vendor.9fa8646eabc5bff7e081.js:1
vn.get @ vendor.9fa8646eabc5bff7e081.js:1
vn @ vendor.9fa8646eabc5bff7e081.js:1
(anonymous) @ vendor.9fa8646eabc5bff7e081.js:1
En.$mount @ vendor.9fa8646eabc5bff7e081.js:1
En.$mount @ vendor.9fa8646eabc5bff7e081.js:1
e._init @ vendor.9fa8646eabc5bff7e081.js:1
En @ vendor.9fa8646eabc5bff7e081.js:1
NHnr @ app.9d0d9a11e9a8c789de3b.js:1
o @ manifest.3b75c3cebfdc272c5e8f.js:1
window.webpackJsonp @ manifest.3b75c3cebfdc272c5e8f.js:1
(anonymous) @ app.9d0d9a11e9a8c789de3b.js:1
vendor.9fa8646eabc5bff7e081.js:1 
        
       Mixed Content: The page at 'https://www.csdn.net/' was loaded over HTTPS, but requested an insecure XMLHttpRequest endpoint 'http://mp-admin.csdn.net/kp/api/resourceManage/config?configData=resourcePlatform,product,adShape'. This request has been blocked; the content must be served over HTTPS.
(anonymous) @ vendor.9fa8646eabc5bff7e081.js:1
e.exports @ vendor.9fa8646eabc5bff7e081.js:1
e.exports @ vendor.9fa8646eabc5bff7e081.js:1
Promise.then (async)
K5UY.s.request @ vendor.9fa8646eabc5bff7e081.js:1
s.<computed> @ vendor.9fa8646eabc5bff7e081.js:1
(anonymous) @ vendor.9fa8646eabc5bff7e081.js:1
findByType @ app.9d0d9a11e9a8c789de3b.js:1
dicInit @ app.9d0d9a11e9a8c789de3b.js:1
(anonymous) @ vendor.9fa8646eabc5bff7e081.js:1
d.dispatch @ vendor.9fa8646eabc5bff7e081.js:1
dispatch @ vendor.9fa8646eabc5bff7e081.js:1
$route @ app.9d0d9a11e9a8c789de3b.js:1
qe @ vendor.9fa8646eabc5bff7e081.js:1
vn.run @ vendor.9fa8646eabc5bff7e081.js:1
pn @ vendor.9fa8646eabc5bff7e081.js:1
(anonymous) @ vendor.9fa8646eabc5bff7e081.js:1
Je @ vendor.9fa8646eabc5bff7e081.js:1
Promise.then (async)
Ue @ vendor.9fa8646eabc5bff7e081.js:1
it @ vendor.9fa8646eabc5bff7e081.js:1
(anonymous) @ vendor.9fa8646eabc5bff7e081.js:1
vn.update @ vendor.9fa8646eabc5bff7e081.js:1
he.notify @ vendor.9fa8646eabc5bff7e081.js:1
set @ vendor.9fa8646eabc5bff7e081.js:1
(anonymous) @ vendor.9fa8646eabc5bff7e081.js:1
(anonymous) @ vendor.9fa8646eabc5bff7e081.js:1
Pe.updateRoute @ vendor.9fa8646eabc5bff7e081.js:1
(anonymous) @ vendor.9fa8646eabc5bff7e081.js:1
(anonymous) @ vendor.9fa8646eabc5bff7e081.js:1
i @ vendor.9fa8646eabc5bff7e081.js:1
i @ vendor.9fa8646eabc5bff7e081.js:1
i @ vendor.9fa8646eabc5bff7e081.js:1
be @ vendor.9fa8646eabc5bff7e081.js:1
(anonymous) @ vendor.9fa8646eabc5bff7e081.js:1
i @ vendor.9fa8646eabc5bff7e081.js:1
(anonymous) @ vendor.9fa8646eabc5bff7e081.js:1
(anonymous) @ vendor.9fa8646eabc5bff7e081.js:1
(anonymous) @ vendor.9fa8646eabc5bff7e081.js:1
(anonymous) @ vendor.9fa8646eabc5bff7e081.js:1
(anonymous) @ app.9d0d9a11e9a8c789de3b.js:1
Promise.then (async)
appHeader @ app.9d0d9a11e9a8c789de3b.js:1
(anonymous) @ vendor.9fa8646eabc5bff7e081.js:1
(anonymous) @ vendor.9fa8646eabc5bff7e081.js:1
(anonymous) @ vendor.9fa8646eabc5bff7e081.js:1
De @ vendor.9fa8646eabc5bff7e081.js:1
(anonymous) @ vendor.9fa8646eabc5bff7e081.js:1
p @ vendor.9fa8646eabc5bff7e081.js:1
i @ vendor.9fa8646eabc5bff7e081.js:1
i @ vendor.9fa8646eabc5bff7e081.js:1
(anonymous) @ vendor.9fa8646eabc5bff7e081.js:1
(anonymous) @ vendor.9fa8646eabc5bff7e081.js:1
(anonymous) @ app.9d0d9a11e9a8c789de3b.js:1
p @ vendor.9fa8646eabc5bff7e081.js:1
i @ vendor.9fa8646eabc5bff7e081.js:1
be @ vendor.9fa8646eabc5bff7e081.js:1
Pe.confirmTransition @ vendor.9fa8646eabc5bff7e081.js:1
Pe.transitionTo @ vendor.9fa8646eabc5bff7e081.js:1
We.init @ vendor.9fa8646eabc5bff7e081.js:1
beforeCreate @ vendor.9fa8646eabc5bff7e081.js:1
qe @ vendor.9fa8646eabc5bff7e081.js:1
rn @ vendor.9fa8646eabc5bff7e081.js:1
e._init @ vendor.9fa8646eabc5bff7e081.js:1
En @ vendor.9fa8646eabc5bff7e081.js:1
NHnr @ app.9d0d9a11e9a8c789de3b.js:1
o @ manifest.3b75c3cebfdc272c5e8f.js:1
window.webpackJsonp @ manifest.3b75c3cebfdc272c5e8f.js:1
(anonymous) @ app.9d0d9a11e9a8c789de3b.js:1
kunpeng-sc.csdnimg.c….5904&articleId=0:1 
        
       Uncaught (in promise) {code: 0, message: '服务超时,请稍后重试'}
Promise.then (async)
dicInit @ app.9d0d9a11e9a8c789de3b.js:1
(anonymous) @ vendor.9fa8646eabc5bff7e081.js:1
d.dispatch @ vendor.9fa8646eabc5bff7e081.js:1
dispatch @ vendor.9fa8646eabc5bff7e081.js:1
$route @ app.9d0d9a11e9a8c789de3b.js:1
qe @ vendor.9fa8646eabc5bff7e081.js:1
vn.run @ vendor.9fa8646eabc5bff7e081.js:1
pn @ vendor.9fa8646eabc5bff7e081.js:1
(anonymous) @ vendor.9fa8646eabc5bff7e081.js:1
Je @ vendor.9fa8646eabc5bff7e081.js:1
Promise.then (async)
Ue @ vendor.9fa8646eabc5bff7e081.js:1
it @ vendor.9fa8646eabc5bff7e081.js:1
(anonymous) @ vendor.9fa8646eabc5bff7e081.js:1
vn.update @ vendor.9fa8646eabc5bff7e081.js:1
he.notify @ vendor.9fa8646eabc5bff7e081.js:1
set @ vendor.9fa8646eabc5bff7e081.js:1
(anonymous) @ vendor.9fa8646eabc5bff7e081.js:1
(anonymous) @ vendor.9fa8646eabc5bff7e081.js:1
Pe.updateRoute @ vendor.9fa8646eabc5bff7e081.js:1
(anonymous) @ vendor.9fa8646eabc5bff7e081.js:1
(anonymous) @ vendor.9fa8646eabc5bff7e081.js:1
i @ vendor.9fa8646eabc5bff7e081.js:1
i @ vendor.9fa8646eabc5bff7e081.js:1
i @ vendor.9fa8646eabc5bff7e081.js:1
be @ vendor.9fa8646eabc5bff7e081.js:1
(anonymous) @ vendor.9fa8646eabc5bff7e081.js:1
i @ vendor.9fa8646eabc5bff7e081.js:1
(anonymous) @ vendor.9fa8646eabc5bff7e081.js:1
(anonymous) @ vendor.9fa8646eabc5bff7e081.js:1
(anonymous) @ vendor.9fa8646eabc5bff7e081.js:1
(anonymous) @ vendor.9fa8646eabc5bff7e081.js:1
(anonymous) @ app.9d0d9a11e9a8c789de3b.js:1
Promise.then (async)
appHeader @ app.9d0d9a11e9a8c789de3b.js:1
(anonymous) @ vendor.9fa8646eabc5bff7e081.js:1
(anonymous) @ vendor.9fa8646eabc5bff7e081.js:1
(anonymous) @ vendor.9fa8646eabc5bff7e081.js:1
De @ vendor.9fa8646eabc5bff7e081.js:1
(anonymous) @ vendor.9fa8646eabc5bff7e081.js:1
p @ vendor.9fa8646eabc5bff7e081.js:1
i @ vendor.9fa8646eabc5bff7e081.js:1
i @ vendor.9fa8646eabc5bff7e081.js:1
(anonymous) @ vendor.9fa8646eabc5bff7e081.js:1
(anonymous) @ vendor.9fa8646eabc5bff7e081.js:1
(anonymous) @ app.9d0d9a11e9a8c789de3b.js:1
p @ vendor.9fa8646eabc5bff7e081.js:1
i @ vendor.9fa8646eabc5bff7e081.js:1
be @ vendor.9fa8646eabc5bff7e081.js:1
Pe.confirmTransition @ vendor.9fa8646eabc5bff7e081.js:1
Pe.transitionTo @ vendor.9fa8646eabc5bff7e081.js:1
We.init @ vendor.9fa8646eabc5bff7e081.js:1
beforeCreate @ vendor.9fa8646eabc5bff7e081.js:1
qe @ vendor.9fa8646eabc5bff7e081.js:1
rn @ vendor.9fa8646eabc5bff7e081.js:1
e._init @ vendor.9fa8646eabc5bff7e081.js:1
En @ vendor.9fa8646eabc5bff7e081.js:1
NHnr @ app.9d0d9a11e9a8c789de3b.js:1
o @ manifest.3b75c3cebfdc272c5e8f.js:1
window.webpackJsonp @ manifest.3b75c3cebfdc272c5e8f.js:1
(anonymous) @ app.9d0d9a11e9a8c789de3b.js:1
vendor.9fa8646eabc5bff7e081.js:1 
        
       Mixed Content: The page at 'https://www.csdn.net/' was loaded over HTTPS, but requested an insecure XMLHttpRequest endpoint 'http://mp-admin.csdn.net/kp/api/resourceManage/config?configData=resourcePlatform,product,adShape'. This request has been blocked; the content must be served over HTTPS.
(anonymous) @ vendor.9fa8646eabc5bff7e081.js:1
e.exports @ vendor.9fa8646eabc5bff7e081.js:1
e.exports @ vendor.9fa8646eabc5bff7e081.js:1
Promise.then (async)
K5UY.s.request @ vendor.9fa8646eabc5bff7e081.js:1
s.<computed> @ vendor.9fa8646eabc5bff7e081.js:1
(anonymous) @ vendor.9fa8646eabc5bff7e081.js:1
findByType @ app.9d0d9a11e9a8c789de3b.js:1
dicInit @ app.9d0d9a11e9a8c789de3b.js:1
(anonymous) @ vendor.9fa8646eabc5bff7e081.js:1
d.dispatch @ vendor.9fa8646eabc5bff7e081.js:1
dispatch @ vendor.9fa8646eabc5bff7e081.js:1
$route @ app.9d0d9a11e9a8c789de3b.js:1
qe @ vendor.9fa8646eabc5bff7e081.js:1
vn.run @ vendor.9fa8646eabc5bff7e081.js:1
pn @ vendor.9fa8646eabc5bff7e081.js:1
(anonymous) @ vendor.9fa8646eabc5bff7e081.js:1
Je @ vendor.9fa8646eabc5bff7e081.js:1
Promise.then (async)
Ue @ vendor.9fa8646eabc5bff7e081.js:1
it @ vendor.9fa8646eabc5bff7e081.js:1
(anonymous) @ vendor.9fa8646eabc5bff7e081.js:1
vn.update @ vendor.9fa8646eabc5bff7e081.js:1
he.notify @ vendor.9fa8646eabc5bff7e081.js:1
set @ vendor.9fa8646eabc5bff7e081.js:1
(anonymous) @ vendor.9fa8646eabc5bff7e081.js:1
(anonymous) @ vendor.9fa8646eabc5bff7e081.js:1
Pe.updateRoute @ vendor.9fa8646eabc5bff7e081.js:1
(anonymous) @ vendor.9fa8646eabc5bff7e081.js:1
(anonymous) @ vendor.9fa8646eabc5bff7e081.js:1
i @ vendor.9fa8646eabc5bff7e081.js:1
i @ vendor.9fa8646eabc5bff7e081.js:1
i @ vendor.9fa8646eabc5bff7e081.js:1
be @ vendor.9fa8646eabc5bff7e081.js:1
(anonymous) @ vendor.9fa8646eabc5bff7e081.js:1
i @ vendor.9fa8646eabc5bff7e081.js:1
(anonymous) @ vendor.9fa8646eabc5bff7e081.js:1
(anonymous) @ vendor.9fa8646eabc5bff7e081.js:1
(anonymous) @ vendor.9fa8646eabc5bff7e081.js:1
(anonymous) @ vendor.9fa8646eabc5bff7e081.js:1
(anonymous) @ app.9d0d9a11e9a8c789de3b.js:1
Promise.then (async)
appHeader @ app.9d0d9a11e9a8c789de3b.js:1
(anonymous) @ vendor.9fa8646eabc5bff7e081.js:1
(anonymous) @ vendor.9fa8646eabc5bff7e081.js:1
(anonymous) @ vendor.9fa8646eabc5bff7e081.js:1
De @ vendor.9fa8646eabc5bff7e081.js:1
(anonymous) @ vendor.9fa8646eabc5bff7e081.js:1
p @ vendor.9fa8646eabc5bff7e081.js:1
i @ vendor.9fa8646eabc5bff7e081.js:1
i @ vendor.9fa8646eabc5bff7e081.js:1
(anonymous) @ vendor.9fa8646eabc5bff7e081.js:1
(anonymous) @ vendor.9fa8646eabc5bff7e081.js:1
(anonymous) @ app.9d0d9a11e9a8c789de3b.js:1
p @ vendor.9fa8646eabc5bff7e081.js:1
i @ vendor.9fa8646eabc5bff7e081.js:1
be @ vendor.9fa8646eabc5bff7e081.js:1
Pe.confirmTransition @ vendor.9fa8646eabc5bff7e081.js:1
Pe.transitionTo @ vendor.9fa8646eabc5bff7e081.js:1
We.init @ vendor.9fa8646eabc5bff7e081.js:1
beforeCreate @ vendor.9fa8646eabc5bff7e081.js:1
qe @ vendor.9fa8646eabc5bff7e081.js:1
rn @ vendor.9fa8646eabc5bff7e081.js:1
e._init @ vendor.9fa8646eabc5bff7e081.js:1
En @ vendor.9fa8646eabc5bff7e081.js:1
NHnr @ app.9d0d9a11e9a8c789de3b.js:1
o @ manifest.3b75c3cebfdc272c5e8f.js:1
window.webpackJsonp @ manifest.3b75c3cebfdc272c5e8f.js:1
(anonymous) @ app.9d0d9a11e9a8c789de3b.js:1
kunpeng-sc.csdnimg.c….5911&articleId=0:1 
        
       Uncaught (in promise) {code: 0, message: '服务超时,请稍后重试'}
Promise.then (async)
dicInit @ app.9d0d9a11e9a8c789de3b.js:1
(anonymous) @ vendor.9fa8646eabc5bff7e081.js:1
d.dispatch @ vendor.9fa8646eabc5bff7e081.js:1
dispatch @ vendor.9fa8646eabc5bff7e081.js:1
$route @ app.9d0d9a11e9a8c789de3b.js:1
qe @ vendor.9fa8646eabc5bff7e081.js:1
vn.run @ vendor.9fa8646eabc5bff7e081.js:1
pn @ vendor.9fa8646eabc5bff7e081.js:1
(anonymous) @ vendor.9fa8646eabc5bff7e081.js:1
Je @ vendor.9fa8646eabc5bff7e081.js:1
Promise.then (async)
Ue @ vendor.9fa8646eabc5bff7e081.js:1
it @ vendor.9fa8646eabc5bff7e081.js:1
(anonymous) @ vendor.9fa8646eabc5bff7e081.js:1
vn.update @ vendor.9fa8646eabc5bff7e081.js:1
he.notify @ vendor.9fa8646eabc5bff7e081.js:1
set @ vendor.9fa8646eabc5bff7e081.js:1
(anonymous) @ vendor.9fa8646eabc5bff7e081.js:1
(anonymous) @ vendor.9fa8646eabc5bff7e081.js:1
Pe.updateRoute @ vendor.9fa8646eabc5bff7e081.js:1
(anonymous) @ vendor.9fa8646eabc5bff7e081.js:1
(anonymous) @ vendor.9fa8646eabc5bff7e081.js:1
i @ vendor.9fa8646eabc5bff7e081.js:1
i @ vendor.9fa8646eabc5bff7e081.js:1
i @ vendor.9fa8646eabc5bff7e081.js:1
be @ vendor.9fa8646eabc5bff7e081.js:1
(anonymous) @ vendor.9fa8646eabc5bff7e081.js:1
i @ vendor.9fa8646eabc5bff7e081.js:1
(anonymous) @ vendor.9fa8646eabc5bff7e081.js:1
(anonymous) @ vendor.9fa8646eabc5bff7e081.js:1
(anonymous) @ vendor.9fa8646eabc5bff7e081.js:1
(anonymous) @ vendor.9fa8646eabc5bff7e081.js:1
(anonymous) @ app.9d0d9a11e9a8c789de3b.js:1
Promise.then (async)
appHeader @ app.9d0d9a11e9a8c789de3b.js:1
(anonymous) @ vendor.9fa8646eabc5bff7e081.js:1
(anonymous) @ vendor.9fa8646eabc5bff7e081.js:1
(anonymous) @ vendor.9fa8646eabc5bff7e081.js:1
De @ vendor.9fa8646eabc5bff7e081.js:1
(anonymous) @ vendor.9fa8646eabc5bff7e081.js:1
p @ vendor.9fa8646eabc5bff7e081.js:1
i @ vendor.9fa8646eabc5bff7e081.js:1
i @ vendor.9fa8646eabc5bff7e081.js:1
(anonymous) @ vendor.9fa8646eabc5bff7e081.js:1
(anonymous) @ vendor.9fa8646eabc5bff7e081.js:1
(anonymous) @ app.9d0d9a11e9a8c789de3b.js:1
p @ vendor.9fa8646eabc5bff7e081.js:1
i @ vendor.9fa8646eabc5bff7e081.js:1
be @ vendor.9fa8646eabc5bff7e081.js:1
Pe.confirmTransition @ vendor.9fa8646eabc5bff7e081.js:1
Pe.transitionTo @ vendor.9fa8646eabc5bff7e081.js:1
We.init @ vendor.9fa8646eabc5bff7e081.js:1
beforeCreate @ vendor.9fa8646eabc5bff7e081.js:1
qe @ vendor.9fa8646eabc5bff7e081.js:1
rn @ vendor.9fa8646eabc5bff7e081.js:1
e._init @ vendor.9fa8646eabc5bff7e081.js:1
En @ vendor.9fa8646eabc5bff7e081.js:1
NHnr @ app.9d0d9a11e9a8c789de3b.js:1
o @ manifest.3b75c3cebfdc272c5e8f.js:1
window.webpackJsonp @ manifest.3b75c3cebfdc272c5e8f.js:1
(anonymous) @ app.9d0d9a11e9a8c789de3b.js:1
