index.js:13 
        
       A parser-blocking, cross site (i.e. different eTLD+1) script, https://atanx.alicdn.com/t/tanxssp.js, is invoked via document.write. The network request for this script MAY be blocked by the browser in this or a future page load due to poor network connectivity. If blocked in this page load, it will be confirmed in a subsequent console message. See https://www.chromestatus.com/feature/5718547946799104 for more details.
(anonymous) @ index.js:13
(anonymous) @ index.js:13
p @ index.js:13
Qe @ index.js:13
n.render @ index.js:13
(anonymous) @ index.js:13
ge @ index.js:13
n.I @ index.js:13
n.L @ index.js:13
n.K @ index.js:13
n.I @ index.js:13
n.I @ index.js:13
n.L @ index.js:13
n.K @ index.js:13
n.I @ index.js:13
n.I @ index.js:13
n.L @ index.js:13
n.K @ index.js:13
n.I @ index.js:13
n.I @ index.js:13
n.L @ index.js:13
n.K @ index.js:13
n.I @ index.js:13
n.I @ index.js:13
n.I @ index.js:13
n.L @ index.js:13
n.I @ index.js:13
n.I @ index.js:13
n.mn @ index.js:13
(anonymous) @ index.js:13
ge @ index.js:13
n.S @ index.js:13
fe @ index.js:13
me @ index.js:13
_e @ index.js:13
he @ index.js:13
forceUpdate @ index.js:13
t.forceUpdate @ index.js:13
n.h @ index.js:13
mount @ index.js:13
t.render @ index.js:13
(anonymous) @ index.js:13
u @ index.js:13
(anonymous) @ index.js:13
(anonymous) @ index.js:13
(anonymous) @ index.js:13
a @ index.js:13
(anonymous) @ index.js:13
(anonymous) @ index.js:13
n @ index.js:1
(anonymous) @ index.js:13
n @ index.js:1
(anonymous) @ index.js:1
(anonymous) @ index.js:1
Show 24 more frames
index.js:13 
        
       A parser-blocking, cross site (i.e. different eTLD+1) script, https://atanx.alicdn.com/t/tanxssp.js, is invoked via document.write. The network request for this script MAY be blocked by the browser in this or a future page load due to poor network connectivity. If blocked in this page load, it will be confirmed in a subsequent console message. See https://www.chromestatus.com/feature/5718547946799104 for more details.
(anonymous) @ index.js:13
(anonymous) @ index.js:13
p @ index.js:13
Qe @ index.js:13
n.render @ index.js:13
(anonymous) @ index.js:13
ge @ index.js:13
n.I @ index.js:13
n.L @ index.js:13
n.K @ index.js:13
n.I @ index.js:13
n.I @ index.js:13
n.L @ index.js:13
n.K @ index.js:13
n.I @ index.js:13
n.I @ index.js:13
n.L @ index.js:13
n.K @ index.js:13
n.I @ index.js:13
n.I @ index.js:13
n.L @ index.js:13
n.K @ index.js:13
n.I @ index.js:13
n.I @ index.js:13
n.I @ index.js:13
n.L @ index.js:13
n.I @ index.js:13
n.I @ index.js:13
n.mn @ index.js:13
(anonymous) @ index.js:13
ge @ index.js:13
n.S @ index.js:13
fe @ index.js:13
me @ index.js:13
_e @ index.js:13
he @ index.js:13
forceUpdate @ index.js:13
t.forceUpdate @ index.js:13
n.h @ index.js:13
mount @ index.js:13
t.render @ index.js:13
(anonymous) @ index.js:13
u @ index.js:13
(anonymous) @ index.js:13
(anonymous) @ index.js:13
(anonymous) @ index.js:13
a @ index.js:13
(anonymous) @ index.js:13
(anonymous) @ index.js:13
n @ index.js:1
(anonymous) @ index.js:13
n @ index.js:1
(anonymous) @ index.js:1
(anonymous) @ index.js:1
Show 24 more frames
index.js:13 
        
       A parser-blocking, cross site (i.e. different eTLD+1) script, https://atanx.alicdn.com/t/tanxssp.js, is invoked via document.write. The network request for this script MAY be blocked by the browser in this or a future page load due to poor network connectivity. If blocked in this page load, it will be confirmed in a subsequent console message. See https://www.chromestatus.com/feature/5718547946799104 for more details.
(anonymous) @ index.js:13
(anonymous) @ index.js:13
p @ index.js:13
Qe @ index.js:13
n.render @ index.js:13
(anonymous) @ index.js:13
ge @ index.js:13
n.I @ index.js:13
n.L @ index.js:13
n.K @ index.js:13
n.I @ index.js:13
n.I @ index.js:13
n.L @ index.js:13
n.K @ index.js:13
n.I @ index.js:13
n.I @ index.js:13
n.L @ index.js:13
n.K @ index.js:13
n.I @ index.js:13
n.I @ index.js:13
n.L @ index.js:13
n.K @ index.js:13
n.I @ index.js:13
n.I @ index.js:13
n.I @ index.js:13
n.L @ index.js:13
n.I @ index.js:13
n.I @ index.js:13
n.mn @ index.js:13
(anonymous) @ index.js:13
ge @ index.js:13
n.S @ index.js:13
fe @ index.js:13
me @ index.js:13
_e @ index.js:13
he @ index.js:13
forceUpdate @ index.js:13
t.forceUpdate @ index.js:13
n.h @ index.js:13
mount @ index.js:13
t.render @ index.js:13
(anonymous) @ index.js:13
u @ index.js:13
(anonymous) @ index.js:13
(anonymous) @ index.js:13
(anonymous) @ index.js:13
a @ index.js:13
(anonymous) @ index.js:13
(anonymous) @ index.js:13
n @ index.js:1
(anonymous) @ index.js:13
n @ index.js:1
(anonymous) @ index.js:1
(anonymous) @ index.js:1
Show 24 more frames
??xlly/spl/rp.js,secdev/nsv/1.0.78/ns_e_88_3_f.js?v=1:5 
