VM148:3 
        
       Uncaught TypeError: Cannot set properties of null (setting 'src')
    at <anonymous>:3:399
    at gtm.js?id=GTM-5WKFT9:476:414
    at b (gtm.js?id=GTM-5WKFT9:477:337)
    at se (gtm.js?id=GTM-5WKFT9:87:769)
    at e (gtm.js?id=GTM-5WKFT9:214:34)
    at gtm.js?id=GTM-5WKFT9:37:130
    at Array.<anonymous> (gtm.js?id=GTM-5WKFT9:215:454)
    at Object.execute (gtm.js?id=GTM-5WKFT9:215:194)
    at Zr (gtm.js?id=GTM-5WKFT9:321:1124)
    at hs (gtm.js?id=GTM-5WKFT9:326:20)
(anonymous) @ VM148:3
(anonymous) @ gtm.js?id=GTM-5WKFT9:476
b @ gtm.js?id=GTM-5WKFT9:477
se @ gtm.js?id=GTM-5WKFT9:87
e @ gtm.js?id=GTM-5WKFT9:214
(anonymous) @ gtm.js?id=GTM-5WKFT9:37
(anonymous) @ gtm.js?id=GTM-5WKFT9:215
(anonymous) @ gtm.js?id=GTM-5WKFT9:215
Zr @ gtm.js?id=GTM-5WKFT9:321
hs @ gtm.js?id=GTM-5WKFT9:326
Ws @ gtm.js?id=GTM-5WKFT9:334
Ys @ gtm.js?id=GTM-5WKFT9:336
a.push @ gtm.js?id=GTM-5WKFT9:340
(anonymous) @ gtm.js?id=GTM-5WKFT9:339
setTimeout (async)
K @ gtm.js?id=GTM-5WKFT9:49
Cm @ gtm.js?id=GTM-5WKFT9:206
(anonymous) @ gtm.js?id=GTM-5WKFT9:504
(anonymous) @ gtm.js?id=GTM-5WKFT9:501
(anonymous) @ gtm.js?id=GTM-5WKFT9:501
(anonymous) @ gtm.js?id=GTM-5WKFT9:509
