/es-es/:93 
        
       The keyword 'slider-vertical' specified to an 'appearance' property is not standardized. It will be removed in the future.
social?apiVersion=1.0:1 
        
       Carousel is deprecated, please use either MultiSlideCarousel or SingleSlideCarousel instead.
b @ social?apiVersion=1.0:1
t @ social?apiVersion=1.0:14
e @ social?apiVersion=1.0:1
n.callBindFunction @ social?apiVersion=1.0:1
n.createComponent @ social?apiVersion=1.0:1
n.create @ social?apiVersion=1.0:1
(anonymous) @ social?apiVersion=1.0:14
execCb @ (index):64
check @ (index):64
enable @ (index):64
init @ (index):64
(anonymous) @ (index):64
setTimeout (async)
t.nextTick @ (index):64
f @ (index):64
requirejs @ (index):64
(anonymous) @ social?apiVersion=1.0:14
social?apiVersion=1.0:1 
        
       Carousel is deprecated, please use either MultiSlideCarousel or SingleSlideCarousel instead.
b @ social?apiVersion=1.0:1
t @ social?apiVersion=1.0:14
e @ social?apiVersion=1.0:1
n.callBindFunction @ social?apiVersion=1.0:1
n.createComponent @ social?apiVersion=1.0:1
n.create @ social?apiVersion=1.0:1
(anonymous) @ social?apiVersion=1.0:14
execCb @ (index):64
check @ (index):64
enable @ (index):64
init @ (index):64
(anonymous) @ (index):64
setTimeout (async)
t.nextTick @ (index):64
f @ (index):64
requirejs @ (index):64
(anonymous) @ social?apiVersion=1.0:14
meCore.min.js:1 
        
       Cross-Origin Read Blocking (CORB) blocked cross-origin response https://web.vortex.data.microsoft.com/collect/v1 with MIME type application/json. See https://www.chromestatus.com/feature/5629709824032768 for more details.
Dt @ meCore.min.js:1
Y @ meversion?partner=MSHomePage&market=es-es&uhf=1:1
setTimeout (async)
K @ meversion?partner=MSHomePage&market=es-es&uhf=1:1
(anonymous) @ meversion?partner=MSHomePage&market=es-es&uhf=1:1
ue @ meversion?partner=MSHomePage&market=es-es&uhf=1:1
t.enhanceTelemetry @ meCore.min.js:1
(anonymous) @ meBoot.min.js:1
(anonymous) @ meversion?partner=MSHomePage&market=es-es&uhf=1:1
Promise.then (async)
p.Promise.p.Promise.toString.indexOf.xe._immediateFn @ meversion?partner=MSHomePage&market=es-es&uhf=1:1
De @ meversion?partner=MSHomePage&market=es-es&uhf=1:1
ke @ meversion?partner=MSHomePage&market=es-es&uhf=1:1
_e @ meversion?partner=MSHomePage&market=es-es&uhf=1:1
t @ meversion?partner=MSHomePage&market=es-es&uhf=1:1
(anonymous) @ meversion?partner=MSHomePage&market=es-es&uhf=1:1
(anonymous) @ meversion?partner=MSHomePage&market=es-es&uhf=1:1
Promise.then (async)
p.Promise.p.Promise.toString.indexOf.xe._immediateFn @ meversion?partner=MSHomePage&market=es-es&uhf=1:1
De @ meversion?partner=MSHomePage&market=es-es&uhf=1:1
ke @ meversion?partner=MSHomePage&market=es-es&uhf=1:1
_e @ meversion?partner=MSHomePage&market=es-es&uhf=1:1
t @ meversion?partner=MSHomePage&market=es-es&uhf=1:1
(anonymous) @ meversion?partner=MSHomePage&market=es-es&uhf=1:1
Promise.then (async)
p.Promise.p.Promise.toString.indexOf.xe._immediateFn @ meversion?partner=MSHomePage&market=es-es&uhf=1:1
De @ meversion?partner=MSHomePage&market=es-es&uhf=1:1
ke @ meversion?partner=MSHomePage&market=es-es&uhf=1:1
_e @ meversion?partner=MSHomePage&market=es-es&uhf=1:1
(anonymous) @ meversion?partner=MSHomePage&market=es-es&uhf=1:1
Promise.then (async)
p.Promise.p.Promise.toString.indexOf.xe._immediateFn @ meversion?partner=MSHomePage&market=es-es&uhf=1:1
De @ meversion?partner=MSHomePage&market=es-es&uhf=1:1
ke @ meversion?partner=MSHomePage&market=es-es&uhf=1:1
_e @ meversion?partner=MSHomePage&market=es-es&uhf=1:1
(anonymous) @ meversion?partner=MSHomePage&market=es-es&uhf=1:1
Promise.then (async)
p.Promise.p.Promise.toString.indexOf.xe._immediateFn @ meversion?partner=MSHomePage&market=es-es&uhf=1:1
De @ meversion?partner=MSHomePage&market=es-es&uhf=1:1
ke @ meversion?partner=MSHomePage&market=es-es&uhf=1:1
_e @ meversion?partner=MSHomePage&market=es-es&uhf=1:1
t @ meversion?partner=MSHomePage&market=es-es&uhf=1:1
c @ meversion?partner=MSHomePage&market=es-es&uhf=1:1
(anonymous) @ meversion?partner=MSHomePage&market=es-es&uhf=1:1
(anonymous) @ meversion?partner=MSHomePage&market=es-es&uhf=1:1
Promise.then (async)
p.Promise.p.Promise.toString.indexOf.xe._immediateFn @ meversion?partner=MSHomePage&market=es-es&uhf=1:1
De @ meversion?partner=MSHomePage&market=es-es&uhf=1:1
xe.then @ meversion?partner=MSHomePage&market=es-es&uhf=1:1
c @ meversion?partner=MSHomePage&market=es-es&uhf=1:1
(anonymous) @ meversion?partner=MSHomePage&market=es-es&uhf=1:1
je @ meversion?partner=MSHomePage&market=es-es&uhf=1:1
xe @ meversion?partner=MSHomePage&market=es-es&uhf=1:1
xe.all @ meversion?partner=MSHomePage&market=es-es&uhf=1:1
e @ meversion?partner=MSHomePage&market=es-es&uhf=1:1
Xe @ meversion?partner=MSHomePage&market=es-es&uhf=1:1
t.onload @ meversion?partner=MSHomePage&market=es-es&uhf=1:1
load (async)
(anonymous) @ meversion?partner=MSHomePage&market=es-es&uhf=1:1
je @ meversion?partner=MSHomePage&market=es-es&uhf=1:1
xe @ meversion?partner=MSHomePage&market=es-es&uhf=1:1
(anonymous) @ meversion?partner=MSHomePage&market=es-es&uhf=1:1
He @ meversion?partner=MSHomePage&market=es-es&uhf=1:1
(anonymous) @ meBoot.min.js:1
(anonymous) @ meversion?partner=MSHomePage&market=es-es&uhf=1:1
Promise.then (async)
p.Promise.p.Promise.toString.indexOf.xe._immediateFn @ meversion?partner=MSHomePage&market=es-es&uhf=1:1
De @ meversion?partner=MSHomePage&market=es-es&uhf=1:1
xe.then @ meversion?partner=MSHomePage&market=es-es&uhf=1:1
ee @ meBoot.min.js:1
t.init @ meBoot.min.js:1
(anonymous) @ meversion?partner=MSHomePage&market=es-es&uhf=1:1
(anonymous) @ meversion?partner=MSHomePage&market=es-es&uhf=1:1
Promise.then (async)
p.Promise.p.Promise.toString.indexOf.xe._immediateFn @ meversion?partner=MSHomePage&market=es-es&uhf=1:1
De @ meversion?partner=MSHomePage&market=es-es&uhf=1:1
ke @ meversion?partner=MSHomePage&market=es-es&uhf=1:1
_e @ meversion?partner=MSHomePage&market=es-es&uhf=1:1
t @ meversion?partner=MSHomePage&market=es-es&uhf=1:1
(anonymous) @ meversion?partner=MSHomePage&market=es-es&uhf=1:1
(anonymous) @ meversion?partner=MSHomePage&market=es-es&uhf=1:1
Promise.then (async)
p.Promise.p.Promise.toString.indexOf.xe._immediateFn @ meversion?partner=MSHomePage&market=es-es&uhf=1:1
De @ meversion?partner=MSHomePage&market=es-es&uhf=1:1
ke @ meversion?partner=MSHomePage&market=es-es&uhf=1:1
_e @ meversion?partner=MSHomePage&market=es-es&uhf=1:1
t @ meversion?partner=MSHomePage&market=es-es&uhf=1:1
(anonymous) @ meversion?partner=MSHomePage&market=es-es&uhf=1:1
Promise.then (async)
p.Promise.p.Promise.toString.indexOf.xe._immediateFn @ meversion?partner=MSHomePage&market=es-es&uhf=1:1
De @ meversion?partner=MSHomePage&market=es-es&uhf=1:1
ke @ meversion?partner=MSHomePage&market=es-es&uhf=1:1
_e @ meversion?partner=MSHomePage&market=es-es&uhf=1:1
(anonymous) @ meversion?partner=MSHomePage&market=es-es&uhf=1:1
Promise.then (async)
p.Promise.p.Promise.toString.indexOf.xe._immediateFn @ meversion?partner=MSHomePage&market=es-es&uhf=1:1
De @ meversion?partner=MSHomePage&market=es-es&uhf=1:1
ke @ meversion?partner=MSHomePage&market=es-es&uhf=1:1
_e @ meversion?partner=MSHomePage&market=es-es&uhf=1:1
(anonymous) @ meversion?partner=MSHomePage&market=es-es&uhf=1:1
Promise.then (async)
p.Promise.p.Promise.toString.indexOf.xe._immediateFn @ meversion?partner=MSHomePage&market=es-es&uhf=1:1
De @ meversion?partner=MSHomePage&market=es-es&uhf=1:1
ke @ meversion?partner=MSHomePage&market=es-es&uhf=1:1
_e @ meversion?partner=MSHomePage&market=es-es&uhf=1:1
t @ meversion?partner=MSHomePage&market=es-es&uhf=1:1
c @ meversion?partner=MSHomePage&market=es-es&uhf=1:1
(anonymous) @ meversion?partner=MSHomePage&market=es-es&uhf=1:1
(anonymous) @ meversion?partner=MSHomePage&market=es-es&uhf=1:1
Promise.then (async)
p.Promise.p.Promise.toString.indexOf.xe._immediateFn @ meversion?partner=MSHomePage&market=es-es&uhf=1:1
De @ meversion?partner=MSHomePage&market=es-es&uhf=1:1
xe.then @ meversion?partner=MSHomePage&market=es-es&uhf=1:1
c @ meversion?partner=MSHomePage&market=es-es&uhf=1:1
(anonymous) @ meversion?partner=MSHomePage&market=es-es&uhf=1:1
je @ meversion?partner=MSHomePage&market=es-es&uhf=1:1
xe @ meversion?partner=MSHomePage&market=es-es&uhf=1:1
xe.all @ meversion?partner=MSHomePage&market=es-es&uhf=1:1
e @ meversion?partner=MSHomePage&market=es-es&uhf=1:1
Xe @ meversion?partner=MSHomePage&market=es-es&uhf=1:1
t.onload @ meversion?partner=MSHomePage&market=es-es&uhf=1:1
load (async)
(anonymous) @ meversion?partner=MSHomePage&market=es-es&uhf=1:1
je @ meversion?partner=MSHomePage&market=es-es&uhf=1:1
xe @ meversion?partner=MSHomePage&market=es-es&uhf=1:1
(anonymous) @ meversion?partner=MSHomePage&market=es-es&uhf=1:1
He @ meversion?partner=MSHomePage&market=es-es&uhf=1:1
rn @ meversion?partner=MSHomePage&market=es-es&uhf=1:1
load @ meversion?partner=MSHomePage&market=es-es&uhf=1:1
rt @ 9f-763b80?ver=2.0&_cf=20210618:1
it @ 9f-763b80?ver=2.0&_cf=20210618:1
at @ 9f-763b80?ver=2.0&_cf=20210618:1
load @ 9f-763b80?ver=2.0&_cf=20210618:1
window.msCommonShell.window.onShellReadyToLoad @ 9f-763b80?ver=2.0&_cf=20210618:1
vt @ 9f-763b80?ver=2.0&_cf=20210618:1
n @ 9f-763b80?ver=2.0&_cf=20210618:1
e @ social?apiVersion=1.0:1
n.callBindFunction @ social?apiVersion=1.0:1
n.createComponent @ social?apiVersion=1.0:1
n.create @ social?apiVersion=1.0:1
(anonymous) @ 9f-763b80?ver=2.0&_cf=20210618:1
execCb @ (index):64
check @ (index):64
enable @ (index):64
init @ (index):64
(anonymous) @ (index):64
setTimeout (async)
t.nextTick @ (index):64
f @ (index):64
requirejs @ (index):64
(anonymous) @ 9f-763b80?ver=2.0&_cf=20210618:1
execCb @ (index):64
check @ (index):64
(anonymous) @ (index):64
(anonymous) @ (index):64
(anonymous) @ (index):64
u @ (index):64
emit @ (index):64
check @ (index):64
enable @ (index):64
init @ (index):64
(anonymous) @ (index):64
(anonymous) @ (index):64
n @ (index):64
(anonymous) @ (index):64
setTimeout (async)
n @ (index):64
n.load @ (index):64
(anonymous) @ (index):64
(anonymous) @ (index):64
st @ (index):64
callPlugin @ (index):64
fetch @ (index):64
check @ (index):64
enable @ (index):64
(anonymous) @ (index):64
(anonymous) @ (index):64
(anonymous) @ (index):64
u @ (index):64
emit @ (index):64
check @ (index):64
enable @ (index):64
enable @ (index):64
callPlugin @ (index):64
fetch @ (index):64
check @ (index):64
enable @ (index):64
enable @ (index):64
(anonymous) @ (index):64
(anonymous) @ (index):64
u @ (index):64
enable @ (index):64
init @ (index):64
(anonymous) @ (index):64
setTimeout (async)
t.nextTick @ (index):64
f @ (index):64
requirejs @ (index):64
(anonymous) @ (index):87
58-ea1e70?ver=2.0&_cf=20210618:1 
        
      
        
        
      
        
      
       
        
       POST https://browser.events.data.microsoft.com/OneCollector/1.0/?cors=true&content-type=application/x-json-stream&client-id=NO_AUTH&client-version=1DS-Web-JS-3.1.11&apikey=aacbcf0ee7614738b1ea4f99c23f2e82-63b77ecc-8c62-4513-aa1f-a12a5ed8c015-6865&upload-time=1651612501429&ext.intweb.msfpc=GUID%3D5c4455520641447790564b8b1d6b8d75%26HASH%3D5c44%26LV%3D202205%26V%3D4%26LU%3D1651525246176&time-delta-to-apply-millis=use-collector-delta&w=0 net::ERR_NAME_NOT_RESOLVED
s @ 58-ea1e70?ver=2.0&_cf=20210618:1
bi @ 58-ea1e70?ver=2.0&_cf=20210618:6
g @ 58-ea1e70?ver=2.0&_cf=20210618:6
(anonymous) @ 58-ea1e70?ver=2.0&_cf=20210618:6
ct @ 58-ea1e70?ver=2.0&_cf=20210618:1
(anonymous) @ 58-ea1e70?ver=2.0&_cf=20210618:6
ct @ 58-ea1e70?ver=2.0&_cf=20210618:1
si @ 58-ea1e70?ver=2.0&_cf=20210618:6
(anonymous) @ 58-ea1e70?ver=2.0&_cf=20210618:6
ct @ 58-ea1e70?ver=2.0&_cf=20210618:1
ui @ 58-ea1e70?ver=2.0&_cf=20210618:6
n.sendQueuedRequests @ 58-ea1e70?ver=2.0&_cf=20210618:6
i @ 58-ea1e70?ver=2.0&_cf=20210618:1
kt @ 58-ea1e70?ver=2.0&_cf=20210618:6
(anonymous) @ 58-ea1e70?ver=2.0&_cf=20210618:6
setTimeout (async)
dt @ 58-ea1e70?ver=2.0&_cf=20210618:6
d @ 58-ea1e70?ver=2.0&_cf=20210618:6
n.processTelemetry @ 58-ea1e70?ver=2.0&_cf=20210618:6
i @ 58-ea1e70?ver=2.0&_cf=20210618:1
(anonymous) @ 58-ea1e70?ver=2.0&_cf=20210618:6
ct @ 58-ea1e70?ver=2.0&_cf=20210618:1
r.processTelemetry @ 58-ea1e70?ver=2.0&_cf=20210618:6
o.processNext @ 58-ea1e70?ver=2.0&_cf=20210618:6
(anonymous) @ 58-ea1e70?ver=2.0&_cf=20210618:6
e @ 58-ea1e70?ver=2.0&_cf=20210618:1
n.processTelemetry @ 58-ea1e70?ver=2.0&_cf=20210618:6
i @ 58-ea1e70?ver=2.0&_cf=20210618:1
(anonymous) @ 58-ea1e70?ver=2.0&_cf=20210618:6
ct @ 58-ea1e70?ver=2.0&_cf=20210618:1
r.processTelemetry @ 58-ea1e70?ver=2.0&_cf=20210618:6
o.processNext @ 58-ea1e70?ver=2.0&_cf=20210618:6
t.processNext @ 58-ea1e70?ver=2.0&_cf=20210618:6
n.processTelemetry @ 58-ea1e70?ver=2.0&_cf=20210618:6
i @ 58-ea1e70?ver=2.0&_cf=20210618:1
(anonymous) @ 58-ea1e70?ver=2.0&_cf=20210618:6
ct @ 58-ea1e70?ver=2.0&_cf=20210618:1
r.processTelemetry @ 58-ea1e70?ver=2.0&_cf=20210618:6
o.processNext @ 58-ea1e70?ver=2.0&_cf=20210618:6
t.processNext @ 58-ea1e70?ver=2.0&_cf=20210618:6
t.processTelemetry @ 58-ea1e70?ver=2.0&_cf=20210618:6
(anonymous) @ 58-ea1e70?ver=2.0&_cf=20210618:6
ct @ 58-ea1e70?ver=2.0&_cf=20210618:1
r.processTelemetry @ 58-ea1e70?ver=2.0&_cf=20210618:6
o.processNext @ 58-ea1e70?ver=2.0&_cf=20210618:6
t.processNext @ 58-ea1e70?ver=2.0&_cf=20210618:6
n.processTelemetry @ 58-ea1e70?ver=2.0&_cf=20210618:6
i @ 58-ea1e70?ver=2.0&_cf=20210618:1
(anonymous) @ 58-ea1e70?ver=2.0&_cf=20210618:6
ct @ 58-ea1e70?ver=2.0&_cf=20210618:1
r.processTelemetry @ 58-ea1e70?ver=2.0&_cf=20210618:6
o.processNext @ 58-ea1e70?ver=2.0&_cf=20210618:6
t.processNext @ 58-ea1e70?ver=2.0&_cf=20210618:6
t.processTelemetry @ 58-ea1e70?ver=2.0&_cf=20210618:6
i @ 58-ea1e70?ver=2.0&_cf=20210618:1
(anonymous) @ 58-ea1e70?ver=2.0&_cf=20210618:6
ct @ 58-ea1e70?ver=2.0&_cf=20210618:1
r.processTelemetry @ 58-ea1e70?ver=2.0&_cf=20210618:6
o.processNext @ 58-ea1e70?ver=2.0&_cf=20210618:6
(anonymous) @ 58-ea1e70?ver=2.0&_cf=20210618:6
e @ 58-ea1e70?ver=2.0&_cf=20210618:1
n.releaseQueue @ 58-ea1e70?ver=2.0&_cf=20210618:6
i @ 58-ea1e70?ver=2.0&_cf=20210618:1
n.initialize @ 58-ea1e70?ver=2.0&_cf=20210618:6
(anonymous) @ 58-ea1e70?ver=2.0&_cf=20210618:1
n.initialize @ 58-ea1e70?ver=2.0&_cf=20210618:6
(anonymous) @ 58-ea1e70?ver=2.0&_cf=20210618:1
(anonymous) @ 58-ea1e70?ver=2.0&_cf=20210618:6
ct @ 58-ea1e70?ver=2.0&_cf=20210618:1
n.initialize @ 58-ea1e70?ver=2.0&_cf=20210618:6
i @ 58-ea1e70?ver=2.0&_cf=20210618:1
t.initialize @ 58-ea1e70?ver=2.0&_cf=20210618:6
n.init @ 58-ea1e70?ver=2.0&_cf=20210618:6
(anonymous) @ 58-ea1e70?ver=2.0&_cf=20210618:6
execCb @ (index):64
check @ (index):64
enable @ (index):64
init @ (index):64
(anonymous) @ (index):64
setTimeout (async)
t.nextTick @ (index):64
f @ (index):64
requirejs @ (index):64
(anonymous) @ 58-ea1e70?ver=2.0&_cf=20210618:6
Show 48 more frames
58-ea1e70?ver=2.0&_cf=20210618:1 
        
      
        
        
      
        
      
       
        
       POST https://browser.events.data.microsoft.com/OneCollector/1.0/?cors=true&content-type=application/x-json-stream&client-id=NO_AUTH&client-version=1DS-Web-JS-3.1.11&apikey=aacbcf0ee7614738b1ea4f99c23f2e82-63b77ecc-8c62-4513-aa1f-a12a5ed8c015-6865&upload-time=1651612502433&ext.intweb.msfpc=GUID%3D5c4455520641447790564b8b1d6b8d75%26HASH%3D5c44%26LV%3D202205%26V%3D4%26LU%3D1651525246176&w=0 net::ERR_NAME_NOT_RESOLVED
s @ 58-ea1e70?ver=2.0&_cf=20210618:1
bi @ 58-ea1e70?ver=2.0&_cf=20210618:6
g @ 58-ea1e70?ver=2.0&_cf=20210618:6
(anonymous) @ 58-ea1e70?ver=2.0&_cf=20210618:6
ct @ 58-ea1e70?ver=2.0&_cf=20210618:1
(anonymous) @ 58-ea1e70?ver=2.0&_cf=20210618:6
ct @ 58-ea1e70?ver=2.0&_cf=20210618:1
si @ 58-ea1e70?ver=2.0&_cf=20210618:6
(anonymous) @ 58-ea1e70?ver=2.0&_cf=20210618:6
ct @ 58-ea1e70?ver=2.0&_cf=20210618:1
ui @ 58-ea1e70?ver=2.0&_cf=20210618:6
n.sendQueuedRequests @ 58-ea1e70?ver=2.0&_cf=20210618:6
kt @ 58-ea1e70?ver=2.0&_cf=20210618:6
(anonymous) @ 58-ea1e70?ver=2.0&_cf=20210618:6
setTimeout (async)
dt @ 58-ea1e70?ver=2.0&_cf=20210618:6
d @ 58-ea1e70?ver=2.0&_cf=20210618:6
(anonymous) @ 58-ea1e70?ver=2.0&_cf=20210618:6
setTimeout (async)
dt @ 58-ea1e70?ver=2.0&_cf=20210618:6
d @ 58-ea1e70?ver=2.0&_cf=20210618:6
n.processTelemetry @ 58-ea1e70?ver=2.0&_cf=20210618:6
i @ 58-ea1e70?ver=2.0&_cf=20210618:1
(anonymous) @ 58-ea1e70?ver=2.0&_cf=20210618:6
ct @ 58-ea1e70?ver=2.0&_cf=20210618:1
r.processTelemetry @ 58-ea1e70?ver=2.0&_cf=20210618:6
o.processNext @ 58-ea1e70?ver=2.0&_cf=20210618:6
(anonymous) @ 58-ea1e70?ver=2.0&_cf=20210618:6
e @ 58-ea1e70?ver=2.0&_cf=20210618:1
n.processTelemetry @ 58-ea1e70?ver=2.0&_cf=20210618:6
i @ 58-ea1e70?ver=2.0&_cf=20210618:1
(anonymous) @ 58-ea1e70?ver=2.0&_cf=20210618:6
ct @ 58-ea1e70?ver=2.0&_cf=20210618:1
r.processTelemetry @ 58-ea1e70?ver=2.0&_cf=20210618:6
o.processNext @ 58-ea1e70?ver=2.0&_cf=20210618:6
t.processNext @ 58-ea1e70?ver=2.0&_cf=20210618:6
n.processTelemetry @ 58-ea1e70?ver=2.0&_cf=20210618:6
i @ 58-ea1e70?ver=2.0&_cf=20210618:1
(anonymous) @ 58-ea1e70?ver=2.0&_cf=20210618:6
ct @ 58-ea1e70?ver=2.0&_cf=20210618:1
r.processTelemetry @ 58-ea1e70?ver=2.0&_cf=20210618:6
o.processNext @ 58-ea1e70?ver=2.0&_cf=20210618:6
t.processNext @ 58-ea1e70?ver=2.0&_cf=20210618:6
t.processTelemetry @ 58-ea1e70?ver=2.0&_cf=20210618:6
(anonymous) @ 58-ea1e70?ver=2.0&_cf=20210618:6
ct @ 58-ea1e70?ver=2.0&_cf=20210618:1
r.processTelemetry @ 58-ea1e70?ver=2.0&_cf=20210618:6
o.processNext @ 58-ea1e70?ver=2.0&_cf=20210618:6
t.processNext @ 58-ea1e70?ver=2.0&_cf=20210618:6
n.processTelemetry @ 58-ea1e70?ver=2.0&_cf=20210618:6
i @ 58-ea1e70?ver=2.0&_cf=20210618:1
(anonymous) @ 58-ea1e70?ver=2.0&_cf=20210618:6
ct @ 58-ea1e70?ver=2.0&_cf=20210618:1
r.processTelemetry @ 58-ea1e70?ver=2.0&_cf=20210618:6
o.processNext @ 58-ea1e70?ver=2.0&_cf=20210618:6
t.processNext @ 58-ea1e70?ver=2.0&_cf=20210618:6
t.processTelemetry @ 58-ea1e70?ver=2.0&_cf=20210618:6
i @ 58-ea1e70?ver=2.0&_cf=20210618:1
(anonymous) @ 58-ea1e70?ver=2.0&_cf=20210618:6
ct @ 58-ea1e70?ver=2.0&_cf=20210618:1
r.processTelemetry @ 58-ea1e70?ver=2.0&_cf=20210618:6
o.processNext @ 58-ea1e70?ver=2.0&_cf=20210618:6
(anonymous) @ 58-ea1e70?ver=2.0&_cf=20210618:6
e @ 58-ea1e70?ver=2.0&_cf=20210618:1
n.releaseQueue @ 58-ea1e70?ver=2.0&_cf=20210618:6
i @ 58-ea1e70?ver=2.0&_cf=20210618:1
n.initialize @ 58-ea1e70?ver=2.0&_cf=20210618:6
(anonymous) @ 58-ea1e70?ver=2.0&_cf=20210618:1
n.initialize @ 58-ea1e70?ver=2.0&_cf=20210618:6
(anonymous) @ 58-ea1e70?ver=2.0&_cf=20210618:1
(anonymous) @ 58-ea1e70?ver=2.0&_cf=20210618:6
ct @ 58-ea1e70?ver=2.0&_cf=20210618:1
n.initialize @ 58-ea1e70?ver=2.0&_cf=20210618:6
i @ 58-ea1e70?ver=2.0&_cf=20210618:1
t.initialize @ 58-ea1e70?ver=2.0&_cf=20210618:6
n.init @ 58-ea1e70?ver=2.0&_cf=20210618:6
(anonymous) @ 58-ea1e70?ver=2.0&_cf=20210618:6
execCb @ (index):64
check @ (index):64
enable @ (index):64
init @ (index):64
(anonymous) @ (index):64
setTimeout (async)
t.nextTick @ (index):64
f @ (index):64
requirejs @ (index):64
(anonymous) @ 58-ea1e70?ver=2.0&_cf=20210618:6
Show 50 more frames
