unauth-59fa1432f4.js:1 
        
       Cross-Origin Read Blocking (CORB) blocked cross-origin response https://web.vortex.data.microsoft.com/collect/v1 with MIME type application/json. See https://www.chromestatus.com/feature/5629709824032768 for more details.
n @ unauth-59fa1432f4.js:1
(anonymous) @ unauth-59fa1432f4.js:1
t @ unauth-59fa1432f4.js:1
S @ unauth-59fa1432f4.js:1
A @ unauth-59fa1432f4.js:1
(anonymous) @ unauth-59fa1432f4.js:1
load (async)
a @ unauth-59fa1432f4.js:1
(anonymous) @ unauth-59fa1432f4.js:1
n @ unauth-59fa1432f4.js:1
p @ unauth-59fa1432f4.js:2
e @ unauth-59fa1432f4.js:2
(anonymous) @ unauth-59fa1432f4.js:1
initializeLogging @ (index):2040
(anonymous) @ (index):2078
l @ unauth-vendor-320f34a99e.js:2
fireWith @ unauth-vendor-320f34a99e.js:2
ready @ unauth-vendor-320f34a99e.js:2
s @ unauth-vendor-320f34a99e.js:1
unauth-59fa1432f4.js:1 
        
       Cross-Origin Read Blocking (CORB) blocked cross-origin response https://web.vortex.data.microsoft.com/collect/v1 with MIME type application/json. See https://www.chromestatus.com/feature/5629709824032768 for more details.
n @ unauth-59fa1432f4.js:1
(anonymous) @ unauth-59fa1432f4.js:1
n @ unauth-59fa1432f4.js:1
f @ unauth-59fa1432f4.js:2
m @ unauth-59fa1432f4.js:2
n @ unauth-59fa1432f4.js:2
a @ VM65:1
t @ unauth-59fa1432f4.js:2
(anonymous) @ VM65:1
setTimeout (async)
t @ unauth-59fa1432f4.js:2
(anonymous) @ VM63:1
setTimeout (async)
t @ unauth-59fa1432f4.js:2
(anonymous) @ VM62:1
setTimeout (async)
t @ unauth-59fa1432f4.js:2
(anonymous) @ VM61:1
setTimeout (async)
t @ unauth-59fa1432f4.js:2
(anonymous) @ VM60:1
setTimeout (async)
t @ unauth-59fa1432f4.js:2
(anonymous) @ VM59:1
setTimeout (async)
t @ unauth-59fa1432f4.js:2
(anonymous) @ VM58:1
setTimeout (async)
t @ unauth-59fa1432f4.js:2
(anonymous) @ VM57:1
setTimeout (async)
t @ unauth-59fa1432f4.js:2
(anonymous) @ VM56:1
setTimeout (async)
t @ unauth-59fa1432f4.js:2
(anonymous) @ VM55:1
setTimeout (async)
t @ unauth-59fa1432f4.js:2
(anonymous) @ VM54:1
setTimeout (async)
t @ unauth-59fa1432f4.js:2
(anonymous) @ VM53:1
setTimeout (async)
t @ unauth-59fa1432f4.js:2
(anonymous) @ VM52:1
setTimeout (async)
t @ unauth-59fa1432f4.js:2
(anonymous) @ VM51:1
setTimeout (async)
t @ unauth-59fa1432f4.js:2
(anonymous) @ VM50:1
setTimeout (async)
t @ unauth-59fa1432f4.js:2
(anonymous) @ VM49:1
setTimeout (async)
t @ unauth-59fa1432f4.js:2
(anonymous) @ VM48:1
setTimeout (async)
t @ unauth-59fa1432f4.js:2
(anonymous) @ VM47:1
setTimeout (async)
t @ unauth-59fa1432f4.js:2
(anonymous) @ VM46:1
setTimeout (async)
t @ unauth-59fa1432f4.js:2
(anonymous) @ VM45:1
setTimeout (async)
t @ unauth-59fa1432f4.js:2
(anonymous) @ VM43:1
setTimeout (async)
t @ unauth-59fa1432f4.js:2
e @ unauth-59fa1432f4.js:2
(anonymous) @ unauth-59fa1432f4.js:1
initializeLogging @ (index):2040
(anonymous) @ (index):2078
l @ unauth-vendor-320f34a99e.js:2
fireWith @ unauth-vendor-320f34a99e.js:2
ready @ unauth-vendor-320f34a99e.js:2
s @ unauth-vendor-320f34a99e.js:1
meCore.min.js:1 
        
       Cross-Origin Read Blocking (CORB) blocked cross-origin response https://web.vortex.data.microsoft.com/collect/v1 with MIME type application/json. See https://www.chromestatus.com/feature/5629709824032768 for more details.
Dt @ meCore.min.js:1
Y @ meversion?partner=office&market=en-us&uhf=1:1
setTimeout (async)
K @ meversion?partner=office&market=en-us&uhf=1:1
(anonymous) @ meversion?partner=office&market=en-us&uhf=1:1
ue @ meversion?partner=office&market=en-us&uhf=1:1
t.enhanceTelemetry @ meCore.min.js:1
(anonymous) @ meBoot.min.js:1
(anonymous) @ meversion?partner=office&market=en-us&uhf=1:1
Promise.then (async)
p.Promise.p.Promise.toString.indexOf.xe._immediateFn @ meversion?partner=office&market=en-us&uhf=1:1
De @ meversion?partner=office&market=en-us&uhf=1:1
ke @ meversion?partner=office&market=en-us&uhf=1:1
_e @ meversion?partner=office&market=en-us&uhf=1:1
t @ meversion?partner=office&market=en-us&uhf=1:1
(anonymous) @ meversion?partner=office&market=en-us&uhf=1:1
(anonymous) @ meversion?partner=office&market=en-us&uhf=1:1
Promise.then (async)
p.Promise.p.Promise.toString.indexOf.xe._immediateFn @ meversion?partner=office&market=en-us&uhf=1:1
De @ meversion?partner=office&market=en-us&uhf=1:1
ke @ meversion?partner=office&market=en-us&uhf=1:1
_e @ meversion?partner=office&market=en-us&uhf=1:1
t @ meversion?partner=office&market=en-us&uhf=1:1
(anonymous) @ meversion?partner=office&market=en-us&uhf=1:1
Promise.then (async)
p.Promise.p.Promise.toString.indexOf.xe._immediateFn @ meversion?partner=office&market=en-us&uhf=1:1
De @ meversion?partner=office&market=en-us&uhf=1:1
ke @ meversion?partner=office&market=en-us&uhf=1:1
_e @ meversion?partner=office&market=en-us&uhf=1:1
(anonymous) @ meversion?partner=office&market=en-us&uhf=1:1
Promise.then (async)
p.Promise.p.Promise.toString.indexOf.xe._immediateFn @ meversion?partner=office&market=en-us&uhf=1:1
De @ meversion?partner=office&market=en-us&uhf=1:1
ke @ meversion?partner=office&market=en-us&uhf=1:1
_e @ meversion?partner=office&market=en-us&uhf=1:1
(anonymous) @ meversion?partner=office&market=en-us&uhf=1:1
Promise.then (async)
p.Promise.p.Promise.toString.indexOf.xe._immediateFn @ meversion?partner=office&market=en-us&uhf=1:1
De @ meversion?partner=office&market=en-us&uhf=1:1
ke @ meversion?partner=office&market=en-us&uhf=1:1
_e @ meversion?partner=office&market=en-us&uhf=1:1
t @ meversion?partner=office&market=en-us&uhf=1:1
c @ meversion?partner=office&market=en-us&uhf=1:1
(anonymous) @ meversion?partner=office&market=en-us&uhf=1:1
(anonymous) @ meversion?partner=office&market=en-us&uhf=1:1
Promise.then (async)
p.Promise.p.Promise.toString.indexOf.xe._immediateFn @ meversion?partner=office&market=en-us&uhf=1:1
De @ meversion?partner=office&market=en-us&uhf=1:1
xe.then @ meversion?partner=office&market=en-us&uhf=1:1
c @ meversion?partner=office&market=en-us&uhf=1:1
(anonymous) @ meversion?partner=office&market=en-us&uhf=1:1
je @ meversion?partner=office&market=en-us&uhf=1:1
xe @ meversion?partner=office&market=en-us&uhf=1:1
xe.all @ meversion?partner=office&market=en-us&uhf=1:1
e @ meversion?partner=office&market=en-us&uhf=1:1
Xe @ meversion?partner=office&market=en-us&uhf=1:1
t.onload @ meversion?partner=office&market=en-us&uhf=1:1
load (async)
(anonymous) @ meversion?partner=office&market=en-us&uhf=1:1
je @ meversion?partner=office&market=en-us&uhf=1:1
xe @ meversion?partner=office&market=en-us&uhf=1:1
(anonymous) @ meversion?partner=office&market=en-us&uhf=1:1
He @ meversion?partner=office&market=en-us&uhf=1:1
(anonymous) @ meBoot.min.js:1
(anonymous) @ meversion?partner=office&market=en-us&uhf=1:1
Promise.then (async)
p.Promise.p.Promise.toString.indexOf.xe._immediateFn @ meversion?partner=office&market=en-us&uhf=1:1
De @ meversion?partner=office&market=en-us&uhf=1:1
ke @ meversion?partner=office&market=en-us&uhf=1:1
_e @ meversion?partner=office&market=en-us&uhf=1:1
t @ meversion?partner=office&market=en-us&uhf=1:1
n @ meBoot.min.js:1
load (async)
Zt @ meBoot.min.js:1
t.init @ meBoot.min.js:1
(anonymous) @ meversion?partner=office&market=en-us&uhf=1:1
(anonymous) @ meversion?partner=office&market=en-us&uhf=1:1
Promise.then (async)
p.Promise.p.Promise.toString.indexOf.xe._immediateFn @ meversion?partner=office&market=en-us&uhf=1:1
De @ meversion?partner=office&market=en-us&uhf=1:1
ke @ meversion?partner=office&market=en-us&uhf=1:1
_e @ meversion?partner=office&market=en-us&uhf=1:1
t @ meversion?partner=office&market=en-us&uhf=1:1
(anonymous) @ meversion?partner=office&market=en-us&uhf=1:1
(anonymous) @ meversion?partner=office&market=en-us&uhf=1:1
Promise.then (async)
p.Promise.p.Promise.toString.indexOf.xe._immediateFn @ meversion?partner=office&market=en-us&uhf=1:1
De @ meversion?partner=office&market=en-us&uhf=1:1
ke @ meversion?partner=office&market=en-us&uhf=1:1
_e @ meversion?partner=office&market=en-us&uhf=1:1
t @ meversion?partner=office&market=en-us&uhf=1:1
(anonymous) @ meversion?partner=office&market=en-us&uhf=1:1
Promise.then (async)
p.Promise.p.Promise.toString.indexOf.xe._immediateFn @ meversion?partner=office&market=en-us&uhf=1:1
De @ meversion?partner=office&market=en-us&uhf=1:1
ke @ meversion?partner=office&market=en-us&uhf=1:1
_e @ meversion?partner=office&market=en-us&uhf=1:1
(anonymous) @ meversion?partner=office&market=en-us&uhf=1:1
Promise.then (async)
p.Promise.p.Promise.toString.indexOf.xe._immediateFn @ meversion?partner=office&market=en-us&uhf=1:1
De @ meversion?partner=office&market=en-us&uhf=1:1
ke @ meversion?partner=office&market=en-us&uhf=1:1
_e @ meversion?partner=office&market=en-us&uhf=1:1
(anonymous) @ meversion?partner=office&market=en-us&uhf=1:1
Promise.then (async)
p.Promise.p.Promise.toString.indexOf.xe._immediateFn @ meversion?partner=office&market=en-us&uhf=1:1
De @ meversion?partner=office&market=en-us&uhf=1:1
ke @ meversion?partner=office&market=en-us&uhf=1:1
_e @ meversion?partner=office&market=en-us&uhf=1:1
t @ meversion?partner=office&market=en-us&uhf=1:1
c @ meversion?partner=office&market=en-us&uhf=1:1
(anonymous) @ meversion?partner=office&market=en-us&uhf=1:1
(anonymous) @ meversion?partner=office&market=en-us&uhf=1:1
Promise.then (async)
p.Promise.p.Promise.toString.indexOf.xe._immediateFn @ meversion?partner=office&market=en-us&uhf=1:1
De @ meversion?partner=office&market=en-us&uhf=1:1
xe.then @ meversion?partner=office&market=en-us&uhf=1:1
c @ meversion?partner=office&market=en-us&uhf=1:1
(anonymous) @ meversion?partner=office&market=en-us&uhf=1:1
je @ meversion?partner=office&market=en-us&uhf=1:1
xe @ meversion?partner=office&market=en-us&uhf=1:1
xe.all @ meversion?partner=office&market=en-us&uhf=1:1
e @ meversion?partner=office&market=en-us&uhf=1:1
Xe @ meversion?partner=office&market=en-us&uhf=1:1
t.onload @ meversion?partner=office&market=en-us&uhf=1:1
load (async)
(anonymous) @ meversion?partner=office&market=en-us&uhf=1:1
je @ meversion?partner=office&market=en-us&uhf=1:1
xe @ meversion?partner=office&market=en-us&uhf=1:1
(anonymous) @ meversion?partner=office&market=en-us&uhf=1:1
He @ meversion?partner=office&market=en-us&uhf=1:1
rn @ meversion?partner=office&market=en-us&uhf=1:1
load @ meversion?partner=office&market=en-us&uhf=1:1
rt @ 37-8473b9?ver=2.0&_cf=20210618&iife=1:9
it @ 37-8473b9?ver=2.0&_cf=20210618&iife=1:9
at @ 37-8473b9?ver=2.0&_cf=20210618&iife=1:9
load @ 37-8473b9?ver=2.0&_cf=20210618&iife=1:9
window.onShellReadyToLoad @ (index):2345
vt @ 37-8473b9?ver=2.0&_cf=20210618&iife=1:9
n @ 37-8473b9?ver=2.0&_cf=20210618&iife=1:9
e @ 37-8473b9?ver=2.0&_cf=20210618&iife=1:5
n.callBindFunction @ 37-8473b9?ver=2.0&_cf=20210618&iife=1:5
n.createComponent @ 37-8473b9?ver=2.0&_cf=20210618&iife=1:5
n.create @ 37-8473b9?ver=2.0&_cf=20210618&iife=1:5
(anonymous) @ 37-8473b9?ver=2.0&_cf=20210618&iife=1:9
o @ 37-8473b9?ver=2.0&_cf=20210618&iife=1:5
(anonymous) @ 37-8473b9?ver=2.0&_cf=20210618&iife=1:5
setTimeout (async)
u @ 37-8473b9?ver=2.0&_cf=20210618&iife=1:5
(anonymous) @ 37-8473b9?ver=2.0&_cf=20210618&iife=1:9
(anonymous) @ 37-8473b9?ver=2.0&_cf=20210618&iife=1:9
