vendor.8cbc58aaf07515e4ca1e.js:2 
        
       react-i18next:: It seems you are still using the old wait option, you may migrate to the new useSuspense behaviour.
r @ vendor.8cbc58aaf07515e4ca1e.js:2
o @ vendor.8cbc58aaf07515e4ca1e.js:2
p @ vendor.8cbc58aaf07515e4ca1e.js:2
f @ 5009.a9295c903972c44fc21f.js:1
sa @ vendor.8cbc58aaf07515e4ca1e.js:2
Ba @ vendor.8cbc58aaf07515e4ca1e.js:2
$s @ vendor.8cbc58aaf07515e4ca1e.js:2
Du @ vendor.8cbc58aaf07515e4ca1e.js:2
Eu @ vendor.8cbc58aaf07515e4ca1e.js:2
Ou @ vendor.8cbc58aaf07515e4ca1e.js:2
_u @ vendor.8cbc58aaf07515e4ca1e.js:2
(anonymous) @ vendor.8cbc58aaf07515e4ca1e.js:2
t.unstable_runWithPriority @ vendor.8cbc58aaf07515e4ca1e.js:2
Vi @ vendor.8cbc58aaf07515e4ca1e.js:2
Zi @ vendor.8cbc58aaf07515e4ca1e.js:2
N @ vendor.8cbc58aaf07515e4ca1e.js:2
b.port1.onmessage @ vendor.8cbc58aaf07515e4ca1e.js:2
www.aparat.com/:1 
        
       Tracking Prevention blocked access to storage for https://mc.yandex.ru/metrika/tag.js.
Tracking Prevention blocked access to storage for <URL>).
Tracking Prevention blocked access to storage for <URL>).
Tracking Prevention blocked access to storage for <URL>).
Tracking Prevention blocked access to storage for <URL>).
Tracking Prevention blocked access to storage for <URL>).
Tracking Prevention blocked access to storage for <URL>).
Tracking Prevention blocked access to storage for <URL>).
Tracking Prevention blocked access to storage for <URL>).
Tracking Prevention blocked access to storage for <URL>).
Tracking Prevention blocked access to storage for <URL>).
Tracking Prevention blocked access to storage for <URL>).
Tracking Prevention blocked access to storage for <URL>).
Tracking Prevention blocked access to storage for <URL>).
Tracking Prevention blocked access to storage for <URL>).
Tracking Prevention blocked access to storage for <URL>).
Tracking Prevention blocked access to storage for <URL>).
Tracking Prevention blocked access to storage for <URL>).
Tracking Prevention blocked access to storage for <URL>).
www.aparat.com/:1 
        
       Tracking Prevention blocked access to storage for https://mc.yandex.ru/watch/56881150/1?wmode=7&page-url=https%3A%2F%2Fwww.aparat.com%2F&charset=utf-8&browser-info=pv%3A1%3Agdpr%3A14%3Avf%3Aa8mjefddwss4ne717e2g%3Afp%3A896%3Afu%3A0%3Aen%3Autf-8%3Ala%3Aen-US%3Av%3A790%3Acn%3A1%3Adp%3A0%3Als%3A504296201536%3Ahid%3A529605783%3Az%3A120%3Ai%3A20220503231658%3Aet%3A1651612619%3Ac%3A1%3Arn%3A908993979%3Arqn%3A9%3Au%3A1651611989438968341%3Aw%3A845x939%3As%3A1680x1050x24%3Ask%3A1%3Acpf%3A1%3Ans%3A1651612617694%3Ads%3A44%2C90%2C417%2C1%2C2%2C0%2C%2C22%2C0%2C%2C%2C%2C793%3Awv%3A2%3Aco%3A0%3Aadb%3A2%3Afip%3A4f3e5136bbc2e6d8cadb974b8ac2aade-1cc4db1a3d7b1837d6538ca6cabed338-a81f3b9bcdd80a361c14af38dc09b309-7950ec0297c12322859860922e071362-619e17dc65ef9d4673a29e983f6a4dc9-6eeca163508750810e2372f9bac241e0-0b82c67d2c389d0d50367f1f13b7a8f7-a5b752c06ebef5cbaef917b60a0515bb-a81f3b9bcdd80a361c14af38dc09b309-442d4e5c08bab4e7c0516508afe0f400-35455a2509000ac2b8bef3aeedfd3ef5%3Arqnl%3A1%3Ast%3A1651612619%3At%3A%D8%A2%D9%BE%D8%A7%D8%B1%D8%A7%D8%AA%20-%20%D8%B3%D8%B1%D9%88%DB%8C%D8%B3%20%D8%A7%D8%B4%D8%AA%D8%B1%D8%A7%DA%A9%20%D9%88%DB%8C%D8%AF%DB%8C%D9%88&t=gdpr%2814%29aw%281%29fip%281%29ti%282%29.
www.aparat.com/:1 
        
       Tracking Prevention blocked access to storage for https://mc.yandex.ru/watch/56881150/1?page-url=https%3A%2F%2Fwww.aparat.com%2F&charset=utf-8&browser-info=pv%3A1%3Aar%3A1%3Agdpr%3A14%3Avf%3Aa8mjefddwss4ne717e2g%3Afu%3A0%3Aen%3Autf-8%3Ala%3Aen-US%3Av%3A790%3Acn%3A1%3Adp%3A1%3Als%3A504296201536%3Ahid%3A529605783%3Az%3A120%3Ai%3A20220503231658%3Aet%3A1651612619%3Ac%3A1%3Arn%3A358097208%3Arqn%3A14%3Au%3A1651611989438968341%3Aw%3A845x939%3As%3A1680x1050x24%3Ask%3A1%3Acpf%3A1%3Aeu%3A1%3Ans%3A1651612617694%3Awv%3A2%3Aco%3A0%3Aadb%3A2%3Afip%3A4f3e5136bbc2e6d8cadb974b8ac2aade-1cc4db1a3d7b1837d6538ca6cabed338-a81f3b9bcdd80a361c14af38dc09b309-7950ec0297c12322859860922e071362-619e17dc65ef9d4673a29e983f6a4dc9-6eeca163508750810e2372f9bac241e0-0b82c67d2c389d0d50367f1f13b7a8f7-a5b752c06ebef5cbaef917b60a0515bb-a81f3b9bcdd80a361c14af38dc09b309-442d4e5c08bab4e7c0516508afe0f400-35455a2509000ac2b8bef3aeedfd3ef5%3Arqnl%3A1%3Ast%3A1651612619%3At%3A%D8%A2%D9%BE%D8%A7%D8%B1%D8%A7%D8%AA%20-%20%D8%B3%D8%B1%D9%88%DB%8C%D8%B3%20%D8%A7%D8%B4%D8%AA%D8%B1%D8%A7%DA%A9%20%D9%88%DB%8C%D8%AF%DB%8C%D9%88&t=gdpr%2814%29mc%28p-4%29lt%2822900%29aw%281%29fip%281%29ti%282%29.
