Error with Permissions-Policy header: Origin trial controlled feature not enabled: 'interest-cohort'.
61lJFOw4DrL.js?AUIClients/AmazonUIjQuery:178 
        
      
        
        
      
        
      
       
        
       POST https://www.amazon.in/gp/product/sessionCacheUpdateHandler.html 404
send @ 61lJFOw4DrL.js?AUIClients/AmazonUIjQuery:178
ajax @ 61lJFOw4DrL.js?AUIClients/AmazonUIjQuery:172
c.<computed> @ 61lJFOw4DrL.js?AUIClients/AmazonUIjQuery:163
a9_sl_sessionCacheUpdateHandler @ (index):1485
(anonymous) @ (index):1496
(anonymous) @ (index):88
h @ 11Y+5x+kkTL._RC%7C5110husWMzL.js,11yKORv-GTL.js,11giXtZCwVL.js,01+z+uIeJ-L.js,01VRMV3FBdL.js,21SDJtBU-PL.js,012FVc3131L.js,11rRjDLdAVL.js,51RzYQslpZL.js,11kWu3cNjYL.js,11tMohjWmVL.js,11OREnu1epL.js,11wcWdhrnDL.js,21ssiLNIZvL.js,0190vxtlzcL.js,51+N26vFcBL.js,01JYHc2oIlL.js,31R9m8rig5L.js,01ezj5Rkz1L.js,11bEz2VIYrL.js,31o2NGTXThL.js,01rpauTep4L.js,0197uKrNvvL.js_.js?AUIClients/AmazonUI:39
b @ 11Y+5x+kkTL._RC%7C5110husWMzL.js,11yKORv-GTL.js,11giXtZCwVL.js,01+z+uIeJ-L.js,01VRMV3FBdL.js,21SDJtBU-PL.js,012FVc3131L.js,11rRjDLdAVL.js,51RzYQslpZL.js,11kWu3cNjYL.js,11tMohjWmVL.js,11OREnu1epL.js,11wcWdhrnDL.js,21ssiLNIZvL.js,0190vxtlzcL.js,51+N26vFcBL.js,01JYHc2oIlL.js,31R9m8rig5L.js,01ezj5Rkz1L.js,11bEz2VIYrL.js,31o2NGTXThL.js,01rpauTep4L.js,0197uKrNvvL.js_.js?AUIClients/AmazonUI:42
(anonymous) @ 11Y+5x+kkTL._RC%7C5110husWMzL.js,11yKORv-GTL.js,11giXtZCwVL.js,01+z+uIeJ-L.js,01VRMV3FBdL.js,21SDJtBU-PL.js,012FVc3131L.js,11rRjDLdAVL.js,51RzYQslpZL.js,11kWu3cNjYL.js,11tMohjWmVL.js,11OREnu1epL.js,11wcWdhrnDL.js,21ssiLNIZvL.js,0190vxtlzcL.js,51+N26vFcBL.js,01JYHc2oIlL.js,31R9m8rig5L.js,01ezj5Rkz1L.js,11bEz2VIYrL.js,31o2NGTXThL.js,01rpauTep4L.js,0197uKrNvvL.js_.js?AUIClients/AmazonUI:42
k @ 11Y+5x+kkTL._RC%7C5110husWMzL.js,11yKORv-GTL.js,11giXtZCwVL.js,01+z+uIeJ-L.js,01VRMV3FBdL.js,21SDJtBU-PL.js,012FVc3131L.js,11rRjDLdAVL.js,51RzYQslpZL.js,11kWu3cNjYL.js,11tMohjWmVL.js,11OREnu1epL.js,11wcWdhrnDL.js,21ssiLNIZvL.js,0190vxtlzcL.js,51+N26vFcBL.js,01JYHc2oIlL.js,31R9m8rig5L.js,01ezj5Rkz1L.js,11bEz2VIYrL.js,31o2NGTXThL.js,01rpauTep4L.js,0197uKrNvvL.js_.js?AUIClients/AmazonUI:40
t @ 11Y+5x+kkTL._RC%7C5110husWMzL.js,11yKORv-GTL.js,11giXtZCwVL.js,01+z+uIeJ-L.js,01VRMV3FBdL.js,21SDJtBU-PL.js,012FVc3131L.js,11rRjDLdAVL.js,51RzYQslpZL.js,11kWu3cNjYL.js,11tMohjWmVL.js,11OREnu1epL.js,11wcWdhrnDL.js,21ssiLNIZvL.js,0190vxtlzcL.js,51+N26vFcBL.js,01JYHc2oIlL.js,31R9m8rig5L.js,01ezj5Rkz1L.js,11bEz2VIYrL.js,31o2NGTXThL.js,01rpauTep4L.js,0197uKrNvvL.js_.js?AUIClients/AmazonUI:41
(anonymous) @ 11Y+5x+kkTL._RC%7C5110husWMzL.js,11yKORv-GTL.js,11giXtZCwVL.js,01+z+uIeJ-L.js,01VRMV3FBdL.js,21SDJtBU-PL.js,012FVc3131L.js,11rRjDLdAVL.js,51RzYQslpZL.js,11kWu3cNjYL.js,11tMohjWmVL.js,11OREnu1epL.js,11wcWdhrnDL.js,21ssiLNIZvL.js,0190vxtlzcL.js,51+N26vFcBL.js,01JYHc2oIlL.js,31R9m8rig5L.js,01ezj5Rkz1L.js,11bEz2VIYrL.js,31o2NGTXThL.js,01rpauTep4L.js,0197uKrNvvL.js_.js?AUIClients/AmazonUI:45
(anonymous) @ 11Y+5x+kkTL._RC%7C5110husWMzL.js,11yKORv-GTL.js,11giXtZCwVL.js,01+z+uIeJ-L.js,01VRMV3FBdL.js,21SDJtBU-PL.js,012FVc3131L.js,11rRjDLdAVL.js,51RzYQslpZL.js,11kWu3cNjYL.js,11tMohjWmVL.js,11OREnu1epL.js,11wcWdhrnDL.js,21ssiLNIZvL.js,0190vxtlzcL.js,51+N26vFcBL.js,01JYHc2oIlL.js,31R9m8rig5L.js,01ezj5Rkz1L.js,11bEz2VIYrL.js,31o2NGTXThL.js,01rpauTep4L.js,0197uKrNvvL.js_.js?AUIClients/AmazonUI:16
load (async)
g @ 11Y+5x+kkTL._RC%7C5110husWMzL.js,11yKORv-GTL.js,11giXtZCwVL.js,01+z+uIeJ-L.js,01VRMV3FBdL.js,21SDJtBU-PL.js,012FVc3131L.js,11rRjDLdAVL.js,51RzYQslpZL.js,11kWu3cNjYL.js,11tMohjWmVL.js,11OREnu1epL.js,11wcWdhrnDL.js,21ssiLNIZvL.js,0190vxtlzcL.js,51+N26vFcBL.js,01JYHc2oIlL.js,31R9m8rig5L.js,01ezj5Rkz1L.js,11bEz2VIYrL.js,31o2NGTXThL.js,01rpauTep4L.js,0197uKrNvvL.js_.js?AUIClients/AmazonUI:42
(anonymous) @ 11Y+5x+kkTL._RC%7C5110husWMzL.js,11yKORv-GTL.js,11giXtZCwVL.js,01+z+uIeJ-L.js,01VRMV3FBdL.js,21SDJtBU-PL.js,012FVc3131L.js,11rRjDLdAVL.js,51RzYQslpZL.js,11kWu3cNjYL.js,11tMohjWmVL.js,11OREnu1epL.js,11wcWdhrnDL.js,21ssiLNIZvL.js,0190vxtlzcL.js,51+N26vFcBL.js,01JYHc2oIlL.js,31R9m8rig5L.js,01ezj5Rkz1L.js,11bEz2VIYrL.js,31o2NGTXThL.js,01rpauTep4L.js,0197uKrNvvL.js_.js?AUIClients/AmazonUI:45
k @ (index):87
(anonymous) @ (index):88
ea @ (index):91
setTimeout (async)
d @ (index):85
wa @ (index):85
(anonymous) @ (index):88
(anonymous) @ (index):165
notify @ (index):149
c.notifySubscribers @ (index):149
e.notifySubscribers @ (index):150
a.register @ (index):151
logScope @ (index):155
h @ (index):158
load (async)
autoInstVisible @ (index):159
(anonymous) @ (index):1405
(anonymous) @ (index):1405
(anonymous) @ (index):1405
Error with Permissions-Policy header: Origin trial controlled feature not enabled: 'interest-cohort'.
Error with Permissions-Policy header: Origin trial controlled feature not enabled: 'interest-cohort'.
Tracking Prevention blocked access to storage for <URL>.
Tracking Prevention blocked access to storage for <URL>.
Tracking Prevention blocked access to storage for <URL>.
Tracking Prevention blocked access to storage for <URL>.
Tracking Prevention blocked access to storage for <URL>.
Tracking Prevention blocked access to storage for <URL>.
Tracking Prevention blocked access to storage for <URL>.
Tracking Prevention blocked access to storage for <URL>.
Tracking Prevention blocked access to storage for <URL>.
Tracking Prevention blocked access to storage for <URL>.
Tracking Prevention blocked access to storage for <URL>.
Tracking Prevention blocked access to storage for <URL>.
Tracking Prevention blocked access to storage for <URL>.
Tracking Prevention blocked access to storage for <URL>.
Tracking Prevention blocked access to storage for <URL>.
Tracking Prevention blocked access to storage for <URL>.
Tracking Prevention blocked access to storage for <URL>.
Tracking Prevention blocked access to storage for <URL>.
Tracking Prevention blocked access to storage for <URL>.
Tracking Prevention blocked access to storage for <URL>.
Tracking Prevention blocked access to storage for <URL>.
Tracking Prevention blocked access to storage for <URL>.
Tracking Prevention blocked access to storage for <URL>.
Tracking Prevention blocked access to storage for <URL>.
Tracking Prevention blocked access to storage for <URL>.
Tracking Prevention blocked access to storage for <URL>.
Tracking Prevention blocked access to storage for <URL>.
Tracking Prevention blocked access to storage for <URL>.
Tracking Prevention blocked access to storage for <URL>.
Tracking Prevention blocked access to storage for <URL>.
Tracking Prevention blocked access to storage for <URL>.
Tracking Prevention blocked access to storage for <URL>.
Tracking Prevention blocked access to storage for <URL>.
Tracking Prevention blocked access to storage for <URL>.
Tracking Prevention blocked access to storage for <URL>.
Tracking Prevention blocked access to storage for <URL>.
Tracking Prevention blocked access to storage for <URL>.
Tracking Prevention blocked access to storage for <URL>.
Tracking Prevention blocked access to storage for <URL>.
Tracking Prevention blocked access to storage for <URL>.
Tracking Prevention blocked access to storage for <URL>.
Tracking Prevention blocked access to storage for <URL>.
Tracking Prevention blocked access to storage for <URL>.
Tracking Prevention blocked access to storage for <URL>.
Tracking Prevention blocked access to storage for <URL>.
Tracking Prevention blocked access to storage for <URL>.
Tracking Prevention blocked access to storage for <URL>.
Tracking Prevention blocked access to storage for <URL>.
Tracking Prevention blocked access to storage for <URL>.
Tracking Prevention blocked access to storage for <URL>.
www.amazon.in/:1 
        
       Tracking Prevention blocked access to storage for https://lm.serving-sys.com/lm/acs?json={%22GUID%22:%22d63fa129-e7ad-4d52-8a9f-bd6b1e2357ca%22,%22Time%22:%2220220503T211748.032676%22}&rtu=https://aax-eu.amazon-adsystem.com/s/ecm3?ex=sizmek&id=[%tp_UserID%].
