_init_.js:1 喜欢看豆瓣的代码，还是发现了什么bug？不如和我们一起为豆瓣添砖加瓦吧！
http://jobs.douban.com/#position-zsqd
MnJwNGlleS9mL2FkanMvY2M1OGQyNTQ2N2I2YmQzOTlmNTliMGJiMjI4MWRhZTlkNTNjYTFkZC9hZC5yZWxlYXNlLmpz:1 
        
       [Warning]: ad_slot: null is not exist
(anonymous) @ MnJwNGlleS9mL2FkanMvY2M1OGQyNTQ2N2I2YmQzOTlmNTliMGJiMjI4MWRhZTlkNTNjYTFkZC9hZC5yZWxlYXNlLmpz:1
t @ MnJwNGlleS9mL2FkanMvY2M1OGQyNTQ2N2I2YmQzOTlmNTliMGJiMjI4MWRhZTlkNTNjYTFkZC9hZC5yZWxlYXNlLmpz:3
(anonymous) @ MnJwNGlleS9mL2FkanMvY2M1OGQyNTQ2N2I2YmQzOTlmNTliMGJiMjI4MWRhZTlkNTNjYTFkZC9hZC5yZWxlYXNlLmpz:3
o @ MnJwNGlleS9mL2FkanMvY2M1OGQyNTQ2N2I2YmQzOTlmNTliMGJiMjI4MWRhZTlkNTNjYTFkZC9hZC5yZWxlYXNlLmpz:3
(anonymous) @ MnJwNGlleS9mL2FkanMvY2M1OGQyNTQ2N2I2YmQzOTlmNTliMGJiMjI4MWRhZTlkNTNjYTFkZC9hZC5yZWxlYXNlLmpz:3
e @ MnJwNGlleS9mL2FkanMvY2M1OGQyNTQ2N2I2YmQzOTlmNTliMGJiMjI4MWRhZTlkNTNjYTFkZC9hZC5yZWxlYXNlLmpz:1
(anonymous) @ MnJwNGlleS9mL2FkanMvY2M1OGQyNTQ2N2I2YmQzOTlmNTliMGJiMjI4MWRhZTlkNTNjYTFkZC9hZC5yZWxlYXNlLmpz:1
(anonymous) @ MnJwNGlleS9mL2FkanMvY2M1OGQyNTQ2N2I2YmQzOTlmNTliMGJiMjI4MWRhZTlkNTNjYTFkZC9hZC5yZWxlYXNlLmpz:1
MnJwNGlleS9mL2FkanMvY2M1OGQyNTQ2N2I2YmQzOTlmNTliMGJiMjI4MWRhZTlkNTNjYTFkZC9hZC5yZWxlYXNlLmpz:1 
        
       [Warning]: ad_slot: null is not exist
(anonymous) @ MnJwNGlleS9mL2FkanMvY2M1OGQyNTQ2N2I2YmQzOTlmNTliMGJiMjI4MWRhZTlkNTNjYTFkZC9hZC5yZWxlYXNlLmpz:1
t @ MnJwNGlleS9mL2FkanMvY2M1OGQyNTQ2N2I2YmQzOTlmNTliMGJiMjI4MWRhZTlkNTNjYTFkZC9hZC5yZWxlYXNlLmpz:3
(anonymous) @ MnJwNGlleS9mL2FkanMvY2M1OGQyNTQ2N2I2YmQzOTlmNTliMGJiMjI4MWRhZTlkNTNjYTFkZC9hZC5yZWxlYXNlLmpz:3
o @ MnJwNGlleS9mL2FkanMvY2M1OGQyNTQ2N2I2YmQzOTlmNTliMGJiMjI4MWRhZTlkNTNjYTFkZC9hZC5yZWxlYXNlLmpz:3
(anonymous) @ MnJwNGlleS9mL2FkanMvY2M1OGQyNTQ2N2I2YmQzOTlmNTliMGJiMjI4MWRhZTlkNTNjYTFkZC9hZC5yZWxlYXNlLmpz:3
e @ MnJwNGlleS9mL2FkanMvY2M1OGQyNTQ2N2I2YmQzOTlmNTliMGJiMjI4MWRhZTlkNTNjYTFkZC9hZC5yZWxlYXNlLmpz:1
(anonymous) @ MnJwNGlleS9mL2FkanMvY2M1OGQyNTQ2N2I2YmQzOTlmNTliMGJiMjI4MWRhZTlkNTNjYTFkZC9hZC5yZWxlYXNlLmpz:1
(anonymous) @ MnJwNGlleS9mL2FkanMvY2M1OGQyNTQ2N2I2YmQzOTlmNTliMGJiMjI4MWRhZTlkNTNjYTFkZC9hZC5yZWxlYXNlLmpz:1
MnJwNGlleS9mL2FkanMvY2M1OGQyNTQ2N2I2YmQzOTlmNTliMGJiMjI4MWRhZTlkNTNjYTFkZC9hZC5yZWxlYXNlLmpz:1 
        
       [Warning]: dale_anonymous_homepage_top_for_crazy_ad content is empty
(anonymous) @ MnJwNGlleS9mL2FkanMvY2M1OGQyNTQ2N2I2YmQzOTlmNTliMGJiMjI4MWRhZTlkNTNjYTFkZC9hZC5yZWxlYXNlLmpz:1
value @ MnJwNGlleS9mL2FkanMvY2M1OGQyNTQ2N2I2YmQzOTlmNTliMGJiMjI4MWRhZTlkNTNjYTFkZC9hZC5yZWxlYXNlLmpz:3
p.<computed> @ MnJwNGlleS9mL2FkanMvY2M1OGQyNTQ2N2I2YmQzOTlmNTliMGJiMjI4MWRhZTlkNTNjYTFkZC9hZC5yZWxlYXNlLmpz:3
(anonymous) @ ?unit=dale_anonymous_homepage_top_for_crazy_ad&bid=PF47GwPt8Q4&crtr=3%3A%2F&ts=1651612725889&callback=erebor_A37BD1EA4C2B4E3A86E3AEDDBF73DAC2:1
MnJwNGlleS9mL2FkanMvY2M1OGQyNTQ2N2I2YmQzOTlmNTliMGJiMjI4MWRhZTlkNTNjYTFkZC9hZC5yZWxlYXNlLmpz:1 
        
       [Warning]: dale_anonymous_homepage_movie_bottom content is empty
(anonymous) @ MnJwNGlleS9mL2FkanMvY2M1OGQyNTQ2N2I2YmQzOTlmNTliMGJiMjI4MWRhZTlkNTNjYTFkZC9hZC5yZWxlYXNlLmpz:1
value @ MnJwNGlleS9mL2FkanMvY2M1OGQyNTQ2N2I2YmQzOTlmNTliMGJiMjI4MWRhZTlkNTNjYTFkZC9hZC5yZWxlYXNlLmpz:3
p.<computed> @ MnJwNGlleS9mL2FkanMvY2M1OGQyNTQ2N2I2YmQzOTlmNTliMGJiMjI4MWRhZTlkNTNjYTFkZC9hZC5yZWxlYXNlLmpz:3
(anonymous) @ ?unit=dale_anonymous_homepage_movie_bottom&bid=PF47GwPt8Q4&crtr=3%3A%2F&ts=1651612725891&callback=erebor_EA656EB7A9CB4523A66BBBF90E73E1D5:1
MnJwNGlleS9mL2FkanMvY2M1OGQyNTQ2N2I2YmQzOTlmNTliMGJiMjI4MWRhZTlkNTNjYTFkZC9hZC5yZWxlYXNlLmpz:1 
        
       [Warning]: dale_homepage_online_activity_promo_1 content is empty
(anonymous) @ MnJwNGlleS9mL2FkanMvY2M1OGQyNTQ2N2I2YmQzOTlmNTliMGJiMjI4MWRhZTlkNTNjYTFkZC9hZC5yZWxlYXNlLmpz:1
value @ MnJwNGlleS9mL2FkanMvY2M1OGQyNTQ2N2I2YmQzOTlmNTliMGJiMjI4MWRhZTlkNTNjYTFkZC9hZC5yZWxlYXNlLmpz:3
p.<computed> @ MnJwNGlleS9mL2FkanMvY2M1OGQyNTQ2N2I2YmQzOTlmNTliMGJiMjI4MWRhZTlkNTNjYTFkZC9hZC5yZWxlYXNlLmpz:3
(anonymous) @ ?unit=dale_homepage_online_activity_promo_1&bid=PF47GwPt8Q4&crtr=3%3A%2F&ts=1651612725892&callback=erebor_AABED43AF3AF4AF082C83724BEEC4ED0:1
MnJwNGlleS9mL2FkanMvY2M1OGQyNTQ2N2I2YmQzOTlmNTliMGJiMjI4MWRhZTlkNTNjYTFkZC9hZC5yZWxlYXNlLmpz:1 
        
       [Warning]: dale_anonymous_homepage_doublemint content is empty
(anonymous) @ MnJwNGlleS9mL2FkanMvY2M1OGQyNTQ2N2I2YmQzOTlmNTliMGJiMjI4MWRhZTlkNTNjYTFkZC9hZC5yZWxlYXNlLmpz:1
value @ MnJwNGlleS9mL2FkanMvY2M1OGQyNTQ2N2I2YmQzOTlmNTliMGJiMjI4MWRhZTlkNTNjYTFkZC9hZC5yZWxlYXNlLmpz:3
p.<computed> @ MnJwNGlleS9mL2FkanMvY2M1OGQyNTQ2N2I2YmQzOTlmNTliMGJiMjI4MWRhZTlkNTNjYTFkZC9hZC5yZWxlYXNlLmpz:3
(anonymous) @ ?unit=dale_anonymous_homepage_doublemint&bid=PF47GwPt8Q4&crtr=3%3A%2F&ts=1651612725893&callback=erebor_B6A69F50AC3D400EA9394FB1D6AE580E:1
MnJwNGlleS9mL2FkanMvY2M1OGQyNTQ2N2I2YmQzOTlmNTliMGJiMjI4MWRhZTlkNTNjYTFkZC9hZC5yZWxlYXNlLmpz:1 
        
       [Warning]: dale_anonymous_homepage_top_for_crazy_ad content is empty
(anonymous) @ MnJwNGlleS9mL2FkanMvY2M1OGQyNTQ2N2I2YmQzOTlmNTliMGJiMjI4MWRhZTlkNTNjYTFkZC9hZC5yZWxlYXNlLmpz:1
value @ MnJwNGlleS9mL2FkanMvY2M1OGQyNTQ2N2I2YmQzOTlmNTliMGJiMjI4MWRhZTlkNTNjYTFkZC9hZC5yZWxlYXNlLmpz:3
p.<computed> @ MnJwNGlleS9mL2FkanMvY2M1OGQyNTQ2N2I2YmQzOTlmNTliMGJiMjI4MWRhZTlkNTNjYTFkZC9hZC5yZWxlYXNlLmpz:3
(anonymous) @ ?unit=dale_anonymous_homepage_top_for_crazy_ad&bid=PF47GwPt8Q4&crtr=3%3A%2F&ts=1651612725889&callback=erebor_DFA92DB8FA1B49F7886F8BC12E23D2B5&failback_count=1:1
MnJwNGlleS9mL2FkanMvY2M1OGQyNTQ2N2I2YmQzOTlmNTliMGJiMjI4MWRhZTlkNTNjYTFkZC9hZC5yZWxlYXNlLmpz:1 
        
       [Warning]: dale_anonymous_homepage_movie_bottom content is empty
(anonymous) @ MnJwNGlleS9mL2FkanMvY2M1OGQyNTQ2N2I2YmQzOTlmNTliMGJiMjI4MWRhZTlkNTNjYTFkZC9hZC5yZWxlYXNlLmpz:1
value @ MnJwNGlleS9mL2FkanMvY2M1OGQyNTQ2N2I2YmQzOTlmNTliMGJiMjI4MWRhZTlkNTNjYTFkZC9hZC5yZWxlYXNlLmpz:3
p.<computed> @ MnJwNGlleS9mL2FkanMvY2M1OGQyNTQ2N2I2YmQzOTlmNTliMGJiMjI4MWRhZTlkNTNjYTFkZC9hZC5yZWxlYXNlLmpz:3
(anonymous) @ ?unit=dale_anonymous_homepage_movie_bottom&bid=PF47GwPt8Q4&crtr=3%3A%2F&ts=1651612725891&callback=erebor_ADCD79CEBA1C4DD3B9E2316488ED5F84&failback_count=1:1
MnJwNGlleS9mL2FkanMvY2M1OGQyNTQ2N2I2YmQzOTlmNTliMGJiMjI4MWRhZTlkNTNjYTFkZC9hZC5yZWxlYXNlLmpz:1 
        
       [Warning]: dale_homepage_online_activity_promo_1 content is empty
(anonymous) @ MnJwNGlleS9mL2FkanMvY2M1OGQyNTQ2N2I2YmQzOTlmNTliMGJiMjI4MWRhZTlkNTNjYTFkZC9hZC5yZWxlYXNlLmpz:1
value @ MnJwNGlleS9mL2FkanMvY2M1OGQyNTQ2N2I2YmQzOTlmNTliMGJiMjI4MWRhZTlkNTNjYTFkZC9hZC5yZWxlYXNlLmpz:3
p.<computed> @ MnJwNGlleS9mL2FkanMvY2M1OGQyNTQ2N2I2YmQzOTlmNTliMGJiMjI4MWRhZTlkNTNjYTFkZC9hZC5yZWxlYXNlLmpz:3
(anonymous) @ ?unit=dale_homepage_online_activity_promo_1&bid=PF47GwPt8Q4&crtr=3%3A%2F&ts=1651612725892&callback=erebor_0C4675E1D4DD4ADE930C283A692E6485&failback_count=1:1
MnJwNGlleS9mL2FkanMvY2M1OGQyNTQ2N2I2YmQzOTlmNTliMGJiMjI4MWRhZTlkNTNjYTFkZC9hZC5yZWxlYXNlLmpz:1 
        
       [Warning]: dale_anonymous_home_page_middle_2 content is empty
(anonymous) @ MnJwNGlleS9mL2FkanMvY2M1OGQyNTQ2N2I2YmQzOTlmNTliMGJiMjI4MWRhZTlkNTNjYTFkZC9hZC5yZWxlYXNlLmpz:1
value @ MnJwNGlleS9mL2FkanMvY2M1OGQyNTQ2N2I2YmQzOTlmNTliMGJiMjI4MWRhZTlkNTNjYTFkZC9hZC5yZWxlYXNlLmpz:3
p.<computed> @ MnJwNGlleS9mL2FkanMvY2M1OGQyNTQ2N2I2YmQzOTlmNTliMGJiMjI4MWRhZTlkNTNjYTFkZC9hZC5yZWxlYXNlLmpz:3
(anonymous) @ ?unit=dale_anonymous_home_page_middle_2&bid=PF47GwPt8Q4&crtr=3%3A%2F&ts=1651612725893&callback=erebor_2DDEE076521C4BD387D3069048C55145:1
MnJwNGlleS9mL2FkanMvY2M1OGQyNTQ2N2I2YmQzOTlmNTliMGJiMjI4MWRhZTlkNTNjYTFkZC9hZC5yZWxlYXNlLmpz:1 
        
       [Warning]: dale_anonymous_homepage_doublemint content is empty
(anonymous) @ MnJwNGlleS9mL2FkanMvY2M1OGQyNTQ2N2I2YmQzOTlmNTliMGJiMjI4MWRhZTlkNTNjYTFkZC9hZC5yZWxlYXNlLmpz:1
value @ MnJwNGlleS9mL2FkanMvY2M1OGQyNTQ2N2I2YmQzOTlmNTliMGJiMjI4MWRhZTlkNTNjYTFkZC9hZC5yZWxlYXNlLmpz:3
p.<computed> @ MnJwNGlleS9mL2FkanMvY2M1OGQyNTQ2N2I2YmQzOTlmNTliMGJiMjI4MWRhZTlkNTNjYTFkZC9hZC5yZWxlYXNlLmpz:3
(anonymous) @ ?unit=dale_anonymous_homepage_doublemint&bid=PF47GwPt8Q4&crtr=3%3A%2F&ts=1651612725893&callback=erebor_1716EE5269D842908BD5C7C6B2986E5B&failback_count=1:1
MnJwNGlleS9mL2FkanMvY2M1OGQyNTQ2N2I2YmQzOTlmNTliMGJiMjI4MWRhZTlkNTNjYTFkZC9hZC5yZWxlYXNlLmpz:1 
        
       [Warning]: dale_anonymous_homepage_top_for_crazy_ad content is empty
(anonymous) @ MnJwNGlleS9mL2FkanMvY2M1OGQyNTQ2N2I2YmQzOTlmNTliMGJiMjI4MWRhZTlkNTNjYTFkZC9hZC5yZWxlYXNlLmpz:1
value @ MnJwNGlleS9mL2FkanMvY2M1OGQyNTQ2N2I2YmQzOTlmNTliMGJiMjI4MWRhZTlkNTNjYTFkZC9hZC5yZWxlYXNlLmpz:3
p.<computed> @ MnJwNGlleS9mL2FkanMvY2M1OGQyNTQ2N2I2YmQzOTlmNTliMGJiMjI4MWRhZTlkNTNjYTFkZC9hZC5yZWxlYXNlLmpz:3
(anonymous) @ ?unit=dale_anonymous_homepage_top_for_crazy_ad&bid=PF47GwPt8Q4&crtr=3%3A%2F&ts=1651612725889&callback=erebor_1B24FC873FCE43BFBD4A9608535DC7DA&failback_count=2:1
MnJwNGlleS9mL2FkanMvY2M1OGQyNTQ2N2I2YmQzOTlmNTliMGJiMjI4MWRhZTlkNTNjYTFkZC9hZC5yZWxlYXNlLmpz:1 
        
       [Warning]: dale_anonymous_homepage_movie_bottom content is empty
(anonymous) @ MnJwNGlleS9mL2FkanMvY2M1OGQyNTQ2N2I2YmQzOTlmNTliMGJiMjI4MWRhZTlkNTNjYTFkZC9hZC5yZWxlYXNlLmpz:1
value @ MnJwNGlleS9mL2FkanMvY2M1OGQyNTQ2N2I2YmQzOTlmNTliMGJiMjI4MWRhZTlkNTNjYTFkZC9hZC5yZWxlYXNlLmpz:3
p.<computed> @ MnJwNGlleS9mL2FkanMvY2M1OGQyNTQ2N2I2YmQzOTlmNTliMGJiMjI4MWRhZTlkNTNjYTFkZC9hZC5yZWxlYXNlLmpz:3
(anonymous) @ ?unit=dale_anonymous_homepage_movie_bottom&bid=PF47GwPt8Q4&crtr=3%3A%2F&ts=1651612725891&callback=erebor_770D17557A444E608328FECDD0C2C81A&failback_count=2:1
MnJwNGlleS9mL2FkanMvY2M1OGQyNTQ2N2I2YmQzOTlmNTliMGJiMjI4MWRhZTlkNTNjYTFkZC9hZC5yZWxlYXNlLmpz:1 
        
       [Warning]: dale_anonymous_home_page_middle_2 content is empty
(anonymous) @ MnJwNGlleS9mL2FkanMvY2M1OGQyNTQ2N2I2YmQzOTlmNTliMGJiMjI4MWRhZTlkNTNjYTFkZC9hZC5yZWxlYXNlLmpz:1
value @ MnJwNGlleS9mL2FkanMvY2M1OGQyNTQ2N2I2YmQzOTlmNTliMGJiMjI4MWRhZTlkNTNjYTFkZC9hZC5yZWxlYXNlLmpz:3
p.<computed> @ MnJwNGlleS9mL2FkanMvY2M1OGQyNTQ2N2I2YmQzOTlmNTliMGJiMjI4MWRhZTlkNTNjYTFkZC9hZC5yZWxlYXNlLmpz:3
(anonymous) @ ?unit=dale_anonymous_home_page_middle_2&bid=PF47GwPt8Q4&crtr=3%3A%2F&ts=1651612725893&callback=erebor_D62FE0E7FE19401C8486656D4D44E880&failback_count=1:1
MnJwNGlleS9mL2FkanMvY2M1OGQyNTQ2N2I2YmQzOTlmNTliMGJiMjI4MWRhZTlkNTNjYTFkZC9hZC5yZWxlYXNlLmpz:1 
        
       [Warning]: dale_homepage_online_activity_promo_1 content is empty
(anonymous) @ MnJwNGlleS9mL2FkanMvY2M1OGQyNTQ2N2I2YmQzOTlmNTliMGJiMjI4MWRhZTlkNTNjYTFkZC9hZC5yZWxlYXNlLmpz:1
value @ MnJwNGlleS9mL2FkanMvY2M1OGQyNTQ2N2I2YmQzOTlmNTliMGJiMjI4MWRhZTlkNTNjYTFkZC9hZC5yZWxlYXNlLmpz:3
p.<computed> @ MnJwNGlleS9mL2FkanMvY2M1OGQyNTQ2N2I2YmQzOTlmNTliMGJiMjI4MWRhZTlkNTNjYTFkZC9hZC5yZWxlYXNlLmpz:3
(anonymous) @ ?unit=dale_homepage_online_activity_promo_1&bid=PF47GwPt8Q4&crtr=3%3A%2F&ts=1651612725892&callback=erebor_9F21D04F225F47BF92EA422E39543681&failback_count=2:1
MnJwNGlleS9mL2FkanMvY2M1OGQyNTQ2N2I2YmQzOTlmNTliMGJiMjI4MWRhZTlkNTNjYTFkZC9hZC5yZWxlYXNlLmpz:1 
        
       [Warning]: dale_anonymous_homepage_doublemint content is empty
(anonymous) @ MnJwNGlleS9mL2FkanMvY2M1OGQyNTQ2N2I2YmQzOTlmNTliMGJiMjI4MWRhZTlkNTNjYTFkZC9hZC5yZWxlYXNlLmpz:1
value @ MnJwNGlleS9mL2FkanMvY2M1OGQyNTQ2N2I2YmQzOTlmNTliMGJiMjI4MWRhZTlkNTNjYTFkZC9hZC5yZWxlYXNlLmpz:3
p.<computed> @ MnJwNGlleS9mL2FkanMvY2M1OGQyNTQ2N2I2YmQzOTlmNTliMGJiMjI4MWRhZTlkNTNjYTFkZC9hZC5yZWxlYXNlLmpz:3
(anonymous) @ ?unit=dale_anonymous_homepage_doublemint&bid=PF47GwPt8Q4&crtr=3%3A%2F&ts=1651612725893&callback=erebor_52D7F3308FBD4A998A2EEAD7707166CD&failback_count=2:1
MnJwNGlleS9mL2FkanMvY2M1OGQyNTQ2N2I2YmQzOTlmNTliMGJiMjI4MWRhZTlkNTNjYTFkZC9hZC5yZWxlYXNlLmpz:1 
        
       [Warning]: dale_anonymous_home_page_middle_2 content is empty
(anonymous) @ MnJwNGlleS9mL2FkanMvY2M1OGQyNTQ2N2I2YmQzOTlmNTliMGJiMjI4MWRhZTlkNTNjYTFkZC9hZC5yZWxlYXNlLmpz:1
value @ MnJwNGlleS9mL2FkanMvY2M1OGQyNTQ2N2I2YmQzOTlmNTliMGJiMjI4MWRhZTlkNTNjYTFkZC9hZC5yZWxlYXNlLmpz:3
p.<computed> @ MnJwNGlleS9mL2FkanMvY2M1OGQyNTQ2N2I2YmQzOTlmNTliMGJiMjI4MWRhZTlkNTNjYTFkZC9hZC5yZWxlYXNlLmpz:3
(anonymous) @ ?unit=dale_anonymous_home_page_middle_2&bid=PF47GwPt8Q4&crtr=3%3A%2F&ts=1651612725893&callback=erebor_F88C7170ABB34688A1E1B16086E07922&failback_count=2:1
MnJwNGlleS9mL2FkanMvY2M1OGQyNTQ2N2I2YmQzOTlmNTliMGJiMjI4MWRhZTlkNTNjYTFkZC9hZC5yZWxlYXNlLmpz:1 
        
       [Warning]: dale_anonymous_home_page_bottom content is empty
(anonymous) @ MnJwNGlleS9mL2FkanMvY2M1OGQyNTQ2N2I2YmQzOTlmNTliMGJiMjI4MWRhZTlkNTNjYTFkZC9hZC5yZWxlYXNlLmpz:1
value @ MnJwNGlleS9mL2FkanMvY2M1OGQyNTQ2N2I2YmQzOTlmNTliMGJiMjI4MWRhZTlkNTNjYTFkZC9hZC5yZWxlYXNlLmpz:3
p.<computed> @ MnJwNGlleS9mL2FkanMvY2M1OGQyNTQ2N2I2YmQzOTlmNTliMGJiMjI4MWRhZTlkNTNjYTFkZC9hZC5yZWxlYXNlLmpz:3
(anonymous) @ ?unit=dale_anonymous_home_page_bottom&bid=PF47GwPt8Q4&crtr=3%3A%2F&ts=1651612725894&callback=erebor_03DF569298FC43FCB1E9CD05CE5369B8:1
MnJwNGlleS9mL2FkanMvY2M1OGQyNTQ2N2I2YmQzOTlmNTliMGJiMjI4MWRhZTlkNTNjYTFkZC9hZC5yZWxlYXNlLmpz:1 
        
       [Warning]: dale_anonymous_home_page_bottom content is empty
(anonymous) @ MnJwNGlleS9mL2FkanMvY2M1OGQyNTQ2N2I2YmQzOTlmNTliMGJiMjI4MWRhZTlkNTNjYTFkZC9hZC5yZWxlYXNlLmpz:1
value @ MnJwNGlleS9mL2FkanMvY2M1OGQyNTQ2N2I2YmQzOTlmNTliMGJiMjI4MWRhZTlkNTNjYTFkZC9hZC5yZWxlYXNlLmpz:3
p.<computed> @ MnJwNGlleS9mL2FkanMvY2M1OGQyNTQ2N2I2YmQzOTlmNTliMGJiMjI4MWRhZTlkNTNjYTFkZC9hZC5yZWxlYXNlLmpz:3
(anonymous) @ ?unit=dale_anonymous_home_page_bottom&bid=PF47GwPt8Q4&crtr=3%3A%2F&ts=1651612725894&callback=erebor_403859C9D7A647FB91D2CE296E4E63CD&failback_count=1:1
MnJwNGlleS9mL2FkanMvY2M1OGQyNTQ2N2I2YmQzOTlmNTliMGJiMjI4MWRhZTlkNTNjYTFkZC9hZC5yZWxlYXNlLmpz:1 
        
       [Warning]: dale_anonymous_home_page_bottom content is empty
(anonymous) @ MnJwNGlleS9mL2FkanMvY2M1OGQyNTQ2N2I2YmQzOTlmNTliMGJiMjI4MWRhZTlkNTNjYTFkZC9hZC5yZWxlYXNlLmpz:1
value @ MnJwNGlleS9mL2FkanMvY2M1OGQyNTQ2N2I2YmQzOTlmNTliMGJiMjI4MWRhZTlkNTNjYTFkZC9hZC5yZWxlYXNlLmpz:3
p.<computed> @ MnJwNGlleS9mL2FkanMvY2M1OGQyNTQ2N2I2YmQzOTlmNTliMGJiMjI4MWRhZTlkNTNjYTFkZC9hZC5yZWxlYXNlLmpz:3
(anonymous) @ ?unit=dale_anonymous_home_page_bottom&bid=PF47GwPt8Q4&crtr=3%3A%2F&ts=1651612725894&callback=erebor_E6EDEB3FE9F54CC1B03A82982ABA8071&failback_count=2:1
