DevTools failed to load source map: Could not parse content for https://static.zhihu.com/heifetz/vendor.af68afae9067da0868d6.js.map: Unexpected token < in JSON at position 0
DevTools failed to load source map: Could not load content for https://static.zhihu.com/heifetz/main.sign-page.216a26f4.dacaad938950e1d102e1.css.map: HTTP error: status code 404, net::ERR_HTTP_RESPONSE_CODE_FAILURE
init.js:1 
          _____                    _____                    _____                    _____          
         /\    \                  /\    \                  /\    \                  /\    \         
        /::\____\                /::\    \                /::\    \                /::\    \        
       /:::/    /                \:::\    \              /::::\    \              /::::\    \       
      /:::/    /                  \:::\    \            /::::::\    \            /::::::\    \      
     /:::/    /                    \:::\    \          /:::/\:::\    \          /:::/\:::\    \     
    /:::/____/                      \:::\    \        /:::/__\:::\    \        /:::/__\:::\    \    
   /::::\    \                      /::::\    \      /::::\   \:::\    \      /::::\   \:::\    \   
  /::::::\    \   _____    ____    /::::::\    \    /::::::\   \:::\    \    /::::::\   \:::\    \  
 /:::/\:::\    \ /\    \  /\   \  /:::/\:::\    \  /:::/\:::\   \:::\____\  /:::/\:::\   \:::\    \ 
/:::/  \:::\    /::\____\/::\   \/:::/  \:::\____\/:::/  \:::\   \:::|    |/:::/__\:::\   \:::\____\
\::/    \:::\  /:::/    /\:::\  /:::/    \::/    /\::/   |::::\  /:::|____|\:::\   \:::\   \::/    /
 \/____/ \:::\/:::/    /  \:::\/:::/    / \/____/  \/____|:::::\/:::/    /  \:::\   \:::\   \/____/ 
          \::::::/    /    \::::::/    /                 |:::::::::/    /    \:::\   \:::\    \     
           \::::/    /      \::::/____/                  |::|\::::/    /      \:::\   \:::\____\    
           /:::/    /        \:::\    \                  |::| \::/____/        \:::\   \::/    /    
          /:::/    /          \:::\    \                 |::|  ~|               \:::\   \/____/     
         /:::/    /            \:::\    \                |::|   |                \:::\    \         
        /:::/    /              \:::\____\               \::|   |                 \:::\____\        
        \::/    /                \::/    /                \:|   |                  \::/    /        
         \/____/                  \/____/                  \|___|                   \/____/         

知乎(zhihu.com)，招聘前端开发工程师 http://zhi.hu/BDXoD
    
DevTools failed to load source map: Could not load content for https://static.zhihu.com/heifetz/main.app.216a26f4.8b918e2d834ece9a884f.css.map: HTTP error: status code 404, net::ERR_HTTP_RESPONSE_CODE_FAILURE
DevTools failed to load source map: Could not load content for https://static.zhihu.com/heifetz/main.lib_09e9ad9b.30789281255d8bf7d8be.js.map: HTTP error: status code 404, net::ERR_HTTP_RESPONSE_CODE_FAILURE
DevTools failed to load source map: Could not load content for https://static.zhihu.com/heifetz/main.app.a96cf4ef2b3eb81b85b7.js.map: HTTP error: status code 404, net::ERR_HTTP_RESPONSE_CODE_FAILURE
DevTools failed to load source map: Could not load content for https://static.zhihu.com/heifetz/main.shared_d1ef5af0010fdbecda3e7215eeb794b639ace47a.bf29afb501b2b7a991a2.js.map: HTTP error: status code 404, net::ERR_HTTP_RESPONSE_CODE_FAILURE
DevTools failed to load source map: Could not load content for https://static.zhihu.com/heifetz/main.sign-page.821284d309f752449390.js.map: HTTP error: status code 404, net::ERR_HTTP_RESPONSE_CODE_FAILURE
DevTools failed to load source map: Could not load content for https://static.zhihu.com/heifetz/main.zswsdid.4aebd0d06b6898c2e8ce.js.map: HTTP error: status code 404, net::ERR_HTTP_RESPONSE_CODE_FAILURE
DevTools failed to load source map: Could not load content for https://static.zhihu.com/heifetz/main.103.166f53c4fa9ad4d18777.js.map: HTTP error: status code 404, net::ERR_HTTP_RESPONSE_CODE_FAILURE
DevTools failed to load source map: Could not load content for https://static.zhihu.com/heifetz/main.signflow.ec725dbabab022deb170.js.map: HTTP error: status code 404, net::ERR_HTTP_RESPONSE_CODE_FAILURE
DevTools failed to load source map: Could not load content for https://static.zhihu.com/heifetz/main.signflow.216a26f4.0951c43b3a77921dbd98.css.map: HTTP error: status code 404, net::ERR_HTTP_RESPONSE_CODE_FAILURE
init.js:1 
