index.ts:5 
                  ,d"=≥,.,qOp,
                 ,7'  ''²$(  )
                ,7'      '?q$7'
             ..,$$,.
   ,.  .,,--***²""²***--,,.  .,
 ²   ,p²''              ''²q,   ²
:  ,7'                      '7,  :
 ' $      ,db,      ,db,      $ '
  '$      ²$$²      ²$$²      $'    Using Reddit at work? Work for Reddit.
  '$                          $'      https://www.redditinc.com/careers
   '$.     .,        ,.     .$'
    'b,     '²«»«»«»²'     ,d'
     '²?bn,,          ,,nd?²'
       ,7$ ''²²²²²²²²'' $7,
     ,² ²$              $² ²,
     $  :$              $:  $
     $   $              $   $
     'b  q:            :p  d'
      '²«?$.          .$?»²'
         'b            d'
       ,²²'?,.      .,?'²²,
      ²==--≥²²==--==²²≤--==²

index.tsx:187 Starting Raven release 6f06cd13290f16ae8052e21e3217e01cd85d96ef-production public url https://6b5ce051b2ed4032bd906af3de0630cd@o418887.ingest.sentry.io/5667464
472486.gif:1          GET https://id.rlcdn.com/472486.gif?gtmcb=1252148307 451
	Image (async)
	sb @ gtm.js?id=GTM-5XVNS82&l=googleTagManager:42
	(anonymous) @ gtm.js?id=GTM-5XVNS82&l=googleTagManager:236
	uc @ gtm.js?id=GTM-5XVNS82&l=googleTagManager:58
	e @ gtm.js?id=GTM-5XVNS82&l=googleTagManager:141
	(anonymous) @ gtm.js?id=GTM-5XVNS82&l=googleTagManager:34
	(anonymous) @ gtm.js?id=GTM-5XVNS82&l=googleTagManager:142
	(anonymous) @ gtm.js?id=GTM-5XVNS82&l=googleTagManager:142
	bp @ gtm.js?id=GTM-5XVNS82&l=googleTagManager:181
	jp @ gtm.js?id=GTM-5XVNS82&l=googleTagManager:186
	qq @ gtm.js?id=GTM-5XVNS82&l=googleTagManager:193
	sq @ gtm.js?id=GTM-5XVNS82&l=googleTagManager:195
	uq @ gtm.js?id=GTM-5XVNS82&l=googleTagManager:196
	setTimeout (async)
	L @ gtm.js?id=GTM-5XVNS82&l=googleTagManager:42
	wq @ gtm.js?id=GTM-5XVNS82&l=googleTagManager:199
	(anonymous) @ gtm.js?id=GTM-5XVNS82&l=googleTagManager:245
	(anonymous) @ gtm.js?id=GTM-5XVNS82&l=googleTagManager:244
	(anonymous) @ gtm.js?id=GTM-5XVNS82&l=googleTagManager:244
	(anonymous) @ gtm.js?id=GTM-5XVNS82&l=googleTagManager:250
Manifest: property 'url' ignored, should be within scope of the manifest.
Manifest: property 'url' ignored, should be within scope of the manifest.
Manifest: property 'url' ignored, should be within scope of the manifest.
Manifest: property 'url' ignored, should be within scope of the manifest.
Manifest: property 'url' ignored, should be within scope of the manifest.
Manifest: property 'url' ignored, should be within scope of the manifest.
Manifest: property 'url' of 'shortcut' not present.
Manifest: property 'url' of 'shortcut' not present.
Manifest: property 'url' of 'shortcut' not present.
Manifest: property 'url' of 'shortcut' not present.
Manifest: property 'url' of 'shortcut' not present.
Manifest: property 'url' of 'shortcut' not present.
