VM54:3 Uncaught TypeError: Cannot set properties of null (setting 'src')
		at <anonymous>:3:399
		at gtm.js?id=GTM-5WKFT9:476:414
		at b (gtm.js?id=GTM-5WKFT9:477:337)
		at se (gtm.js?id=GTM-5WKFT9:87:769)
		at e (gtm.js?id=GTM-5WKFT9:214:34)
		at gtm.js?id=GTM-5WKFT9:37:130
		at Array.<anonymous> (gtm.js?id=GTM-5WKFT9:215:454)
		at Object.execute (gtm.js?id=GTM-5WKFT9:215:194)
		at Zr (gtm.js?id=GTM-5WKFT9:321:1124)
		at hs (gtm.js?id=GTM-5WKFT9:326:20)
	(anonymous) @ VM54:3
	(anonymous) @ gtm.js?id=GTM-5WKFT9:476
	b @ gtm.js?id=GTM-5WKFT9:477
	se @ gtm.js?id=GTM-5WKFT9:87
	e @ gtm.js?id=GTM-5WKFT9:214
	(anonymous) @ gtm.js?id=GTM-5WKFT9:37
	(anonymous) @ gtm.js?id=GTM-5WKFT9:215
	(anonymous) @ gtm.js?id=GTM-5WKFT9:215
	Zr @ gtm.js?id=GTM-5WKFT9:321
	hs @ gtm.js?id=GTM-5WKFT9:326
	Ws @ gtm.js?id=GTM-5WKFT9:334
	Ys @ gtm.js?id=GTM-5WKFT9:336
	a.push @ gtm.js?id=GTM-5WKFT9:340
	(anonymous) @ gtm.js?id=GTM-5WKFT9:339
	setTimeout (async)
	K @ gtm.js?id=GTM-5WKFT9:49
	Cm @ gtm.js?id=GTM-5WKFT9:206
	(anonymous) @ gtm.js?id=GTM-5WKFT9:504
	(anonymous) @ gtm.js?id=GTM-5WKFT9:501
	(anonymous) @ gtm.js?id=GTM-5WKFT9:501
	(anonymous) @ gtm.js?id=GTM-5WKFT9:509
index.js:1 Ada Embed - LocalStorage is disabled. This is likely because your browser is blocking third-party cookies.
d @ index.js:1
A @ index.js:1
3151 @ index.js:1
n @ index.js:1
(anonymous) @ index.js:1
n.O @ index.js:1
(anonymous) @ index.js:1
(anonymous) @ index.js:1
index.js:1 Ada Embed - SessionStorage is disabled. This is likely because your browser is blocking third-party cookies.
	d @ index.js:1
	A @ index.js:1
	3151 @ index.js:1
	n @ index.js:1
	(anonymous) @ index.js:1
	n.O @ index.js:1
	(anonymous) @ index.js:1
	(anonymous) @ index.js:1
sentry.059200c9cf8de60d6bf6.js:2 Ada Embed - Cannot getItem from localStorage.
	(anonymous) @ sentry.059200c9cf8de60d6bf6.js:2
	d @ index.js:1
	getItem @ index.js:1
	k @ index.js:1
	(anonymous) @ index.js:1
	await in (anonymous) (async)
	(anonymous) @ index.js:1
	3151 @ index.js:1
	n @ index.js:1
	(anonymous) @ index.js:1
	n.O @ index.js:1
	(anonymous) @ index.js:1
	(anonymous) @ index.js:1
sentry.059200c9cf8de60d6bf6.js:2 Ada Embed - Cannot getItem from sessionStorage.
	(anonymous) @ sentry.059200c9cf8de60d6bf6.js:2
	d @ index.js:1
	getItem @ index.js:1
	(anonymous) @ index.js:1
	await in (anonymous) (async)
	(anonymous) @ index.js:1
	await in (anonymous) (async)
	3151 @ index.js:1
	n @ index.js:1
	(anonymous) @ index.js:1
	n.O @ index.js:1
	(anonymous) @ index.js:1
	(anonymous) @ index.js:1
sentry.059200c9cf8de60d6bf6.js:2 Ada Embed - Cannot getItem from localStorage.
	(anonymous) @ sentry.059200c9cf8de60d6bf6.js:2
	d @ index.js:1
	getItem @ index.js:1
	k @ index.js:1
	(anonymous) @ index.js:1
	await in (anonymous) (async)
	(anonymous) @ index.js:1
	await in (anonymous) (async)
	3151 @ index.js:1
	n @ index.js:1
	(anonymous) @ index.js:1
	n.O @ index.js:1
	(anonymous) @ index.js:1
	(anonymous) @ index.js:1
sentry.059200c9cf8de60d6bf6.js:2 Ada Embed - Cannot getItem from localStorage.
	(anonymous) @ sentry.059200c9cf8de60d6bf6.js:2
	d @ index.js:1
	getItem @ index.js:1
	k @ index.js:1
	(anonymous) @ index.js:1
	await in (anonymous) (async)
	(anonymous) @ index.js:1
	await in (anonymous) (async)
	3151 @ index.js:1
	n @ index.js:1
	(anonymous) @ index.js:1
	n.O @ index.js:1
	(anonymous) @ index.js:1
	(anonymous) @ index.js:1
