/es-es/:234 The keyword 'slider-vertical' specified to an 'appearance' property is not standardized. It will be removed in the future.
social?apiVersion=1.0:1 Carousel is deprecated, please use either MultiSlideCarousel or SingleSlideCarousel instead.
	b @ social?apiVersion=1.0:1
	t @ social?apiVersion=1.0:14
	e @ social?apiVersion=1.0:1
	n.callBindFunction @ social?apiVersion=1.0:1
	(anonymous) @ social?apiVersion=1.0:1
	requestAnimationFrame (async)
	(anonymous) @ social?apiVersion=1.0:1
	requestAnimationFrame (async)
	i @ social?apiVersion=1.0:1
	load (async)
	y @ social?apiVersion=1.0:1
	e @ social?apiVersion=1.0:1
	et @ social?apiVersion=1.0:1
	(anonymous) @ social?apiVersion=1.0:1
	(anonymous) @ social?apiVersion=1.0:1
	execCb @ (index):64
	check @ (index):64
	enable @ (index):64
	enable @ (index):64
	(anonymous) @ (index):64
	(anonymous) @ (index):64
	u @ (index):64
	enable @ (index):64
	enable @ (index):64
	(anonymous) @ (index):64
	(anonymous) @ (index):64
	u @ (index):64
	enable @ (index):64
	init @ (index):64
	(anonymous) @ (index):64
	setTimeout (async)
	t.nextTick @ (index):64
	f @ (index):64
	requirejs @ (index):64
	(anonymous) @ 9f-763b80?ver=2.0&_cf=20210618:1
social?apiVersion=1.0:1 Carousel is deprecated, please use either MultiSlideCarousel or SingleSlideCarousel instead.
	b @ social?apiVersion=1.0:1
	t @ social?apiVersion=1.0:14
	e @ social?apiVersion=1.0:1
	n.callBindFunction @ social?apiVersion=1.0:1
	(anonymous) @ social?apiVersion=1.0:1
	requestAnimationFrame (async)
	(anonymous) @ social?apiVersion=1.0:1
	requestAnimationFrame (async)
	i @ social?apiVersion=1.0:1
	load (async)
	y @ social?apiVersion=1.0:1
	e @ social?apiVersion=1.0:1
	et @ social?apiVersion=1.0:1
	(anonymous) @ social?apiVersion=1.0:1
	(anonymous) @ social?apiVersion=1.0:1
	execCb @ (index):64
	check @ (index):64
	enable @ (index):64
	enable @ (index):64
	(anonymous) @ (index):64
	(anonymous) @ (index):64
	u @ (index):64
	enable @ (index):64
	enable @ (index):64
	(anonymous) @ (index):64
	(anonymous) @ (index):64
	u @ (index):64
	enable @ (index):64
	init @ (index):64
	(anonymous) @ (index):64
	setTimeout (async)
	t.nextTick @ (index):64
	f @ (index):64
	requirejs @ (index):64
	(anonymous) @ 9f-763b80?ver=2.0&_cf=20210618:1
DevTools failed to load source map: Could not load content for https://mem.gfx.ms/meInlineBackCompat.min.js.map: HTTP error: status code 404, net::ERR_HTTP_RESPONSE_CODE_FAILURE
DevTools failed to load source map: Could not load content for https://mem.gfx.ms/scripts/me/MeControl/10.22059.5/es-ES/meBoot.min.js.map: HTTP error: status code 404, net::ERR_HTTP_RESPONSE_CODE_FAILURE
DevTools failed to load source map: Could not load content for https://mem.gfx.ms/scripts/me/MeControl/10.22059.5/es-ES/meCore.min.js.map: HTTP error: status code 404, net::ERR_HTTP_RESPONSE_CODE_FAILURE
meCore.min.js:1 Cross-Origin Read Blocking (CORB) blocked cross-origin response https://web.vortex.data.microsoft.com/collect/v1 with MIME type application/json. See https://www.chromestatus.com/feature/5629709824032768 for more details.
	Dt @ meCore.min.js:1
	Y @ meversion?partner=MSHomePage&market=es-es&uhf=1:1
	setTimeout (async)
	K @ meversion?partner=MSHomePage&market=es-es&uhf=1:1
	se @ meversion?partner=MSHomePage&market=es-es&uhf=1:1
	Ne @ meversion?partner=MSHomePage&market=es-es&uhf=1:1
	(anonymous) @ meBoot.min.js:1
	(anonymous) @ meBoot.min.js:1
	requestAnimationFrame (async)
	e @ meversion?partner=MSHomePage&market=es-es&uhf=1:1
	(anonymous) @ meBoot.min.js:1
	requestAnimationFrame (async)
	e @ meversion?partner=MSHomePage&market=es-es&uhf=1:1
	Qt @ meBoot.min.js:1
	Fe.triggerOverflowCalculation @ meBoot.min.js:1
	Fe.componentDidMount @ meBoot.min.js:1
	C @ meBoot.min.js:1
	N @ meBoot.min.js:1
	I @ meBoot.min.js:1
	t.init @ meBoot.min.js:1
	(anonymous) @ meversion?partner=MSHomePage&market=es-es&uhf=1:1
	(anonymous) @ meversion?partner=MSHomePage&market=es-es&uhf=1:1
	Promise.then (async)
	p.Promise.p.Promise.toString.indexOf.xe._immediateFn @ meversion?partner=MSHomePage&market=es-es&uhf=1:1
	De @ meversion?partner=MSHomePage&market=es-es&uhf=1:1
	ke @ meversion?partner=MSHomePage&market=es-es&uhf=1:1
	_e @ meversion?partner=MSHomePage&market=es-es&uhf=1:1
	t @ meversion?partner=MSHomePage&market=es-es&uhf=1:1
	(anonymous) @ meversion?partner=MSHomePage&market=es-es&uhf=1:1
	(anonymous) @ meversion?partner=MSHomePage&market=es-es&uhf=1:1
	Promise.then (async)
	p.Promise.p.Promise.toString.indexOf.xe._immediateFn @ meversion?partner=MSHomePage&market=es-es&uhf=1:1
	De @ meversion?partner=MSHomePage&market=es-es&uhf=1:1
	ke @ meversion?partner=MSHomePage&market=es-es&uhf=1:1
	_e @ meversion?partner=MSHomePage&market=es-es&uhf=1:1
	t @ meversion?partner=MSHomePage&market=es-es&uhf=1:1
	(anonymous) @ meversion?partner=MSHomePage&market=es-es&uhf=1:1
	Promise.then (async)
	p.Promise.p.Promise.toString.indexOf.xe._immediateFn @ meversion?partner=MSHomePage&market=es-es&uhf=1:1
	De @ meversion?partner=MSHomePage&market=es-es&uhf=1:1
	ke @ meversion?partner=MSHomePage&market=es-es&uhf=1:1
	_e @ meversion?partner=MSHomePage&market=es-es&uhf=1:1
	(anonymous) @ meversion?partner=MSHomePage&market=es-es&uhf=1:1
	Promise.then (async)
	p.Promise.p.Promise.toString.indexOf.xe._immediateFn @ meversion?partner=MSHomePage&market=es-es&uhf=1:1
	De @ meversion?partner=MSHomePage&market=es-es&uhf=1:1
	ke @ meversion?partner=MSHomePage&market=es-es&uhf=1:1
	_e @ meversion?partner=MSHomePage&market=es-es&uhf=1:1
	(anonymous) @ meversion?partner=MSHomePage&market=es-es&uhf=1:1
	Promise.then (async)
	p.Promise.p.Promise.toString.indexOf.xe._immediateFn @ meversion?partner=MSHomePage&market=es-es&uhf=1:1
	De @ meversion?partner=MSHomePage&market=es-es&uhf=1:1
	ke @ meversion?partner=MSHomePage&market=es-es&uhf=1:1
	_e @ meversion?partner=MSHomePage&market=es-es&uhf=1:1
	t @ meversion?partner=MSHomePage&market=es-es&uhf=1:1
	c @ meversion?partner=MSHomePage&market=es-es&uhf=1:1
	(anonymous) @ meversion?partner=MSHomePage&market=es-es&uhf=1:1
	(anonymous) @ meversion?partner=MSHomePage&market=es-es&uhf=1:1
	Promise.then (async)
	p.Promise.p.Promise.toString.indexOf.xe._immediateFn @ meversion?partner=MSHomePage&market=es-es&uhf=1:1
	De @ meversion?partner=MSHomePage&market=es-es&uhf=1:1
	xe.then @ meversion?partner=MSHomePage&market=es-es&uhf=1:1
	c @ meversion?partner=MSHomePage&market=es-es&uhf=1:1
	(anonymous) @ meversion?partner=MSHomePage&market=es-es&uhf=1:1
	je @ meversion?partner=MSHomePage&market=es-es&uhf=1:1
	xe @ meversion?partner=MSHomePage&market=es-es&uhf=1:1
	xe.all @ meversion?partner=MSHomePage&market=es-es&uhf=1:1
	e @ meversion?partner=MSHomePage&market=es-es&uhf=1:1
	Xe @ meversion?partner=MSHomePage&market=es-es&uhf=1:1
	t.onload @ meversion?partner=MSHomePage&market=es-es&uhf=1:1
	load (async)
	(anonymous) @ meversion?partner=MSHomePage&market=es-es&uhf=1:1
	je @ meversion?partner=MSHomePage&market=es-es&uhf=1:1
	xe @ meversion?partner=MSHomePage&market=es-es&uhf=1:1
	(anonymous) @ meversion?partner=MSHomePage&market=es-es&uhf=1:1
	He @ meversion?partner=MSHomePage&market=es-es&uhf=1:1
	rn @ meversion?partner=MSHomePage&market=es-es&uhf=1:1
	load @ meversion?partner=MSHomePage&market=es-es&uhf=1:1
	rt @ 9f-763b80?ver=2.0&_cf=20210618:1
	it @ 9f-763b80?ver=2.0&_cf=20210618:1
	at @ 9f-763b80?ver=2.0&_cf=20210618:1
	load @ 9f-763b80?ver=2.0&_cf=20210618:1
	window.msCommonShell.window.onShellReadyToLoad @ 9f-763b80?ver=2.0&_cf=20210618:1
	vt @ 9f-763b80?ver=2.0&_cf=20210618:1
	n @ 9f-763b80?ver=2.0&_cf=20210618:1
	e @ social?apiVersion=1.0:1
	n.callBindFunction @ social?apiVersion=1.0:1
	n.createComponent @ social?apiVersion=1.0:1
	n.create @ social?apiVersion=1.0:1
	(anonymous) @ 9f-763b80?ver=2.0&_cf=20210618:1
	execCb @ (index):64
	check @ (index):64
	enable @ (index):64
	init @ (index):64
	(anonymous) @ (index):64
	setTimeout (async)
	t.nextTick @ (index):64
	f @ (index):64
	requirejs @ (index):64
	(anonymous) @ 9f-763b80?ver=2.0&_cf=20210618:1
	execCb @ (index):64
	check @ (index):64
	(anonymous) @ (index):64
	(anonymous) @ (index):64
	(anonymous) @ (index):64
	u @ (index):64
	emit @ (index):64
	check @ (index):64
	enable @ (index):64
	init @ (index):64
	(anonymous) @ (index):64
	(anonymous) @ (index):64
	n @ (index):64
	(anonymous) @ (index):64
	setTimeout (async)
	n @ (index):64
	n.load @ (index):64
	(anonymous) @ (index):64
	(anonymous) @ (index):64
	st @ (index):64
	callPlugin @ (index):64
	fetch @ (index):64
	check @ (index):64
	enable @ (index):64
	(anonymous) @ (index):64
	(anonymous) @ (index):64
	(anonymous) @ (index):64
	u @ (index):64
	emit @ (index):64
	check @ (index):64
	enable @ (index):64
	enable @ (index):64
	callPlugin @ (index):64
	fetch @ (index):64
	check @ (index):64
	enable @ (index):64
	enable @ (index):64
	(anonymous) @ (index):64
	(anonymous) @ (index):64
	u @ (index):64
	enable @ (index):64
	init @ (index):64
	(anonymous) @ (index):64
	setTimeout (async)
	t.nextTick @ (index):64
	f @ (index):64
	requirejs @ (index):64
	(anonymous) @ (index):87
