DevTools failed to load source map: Could not load content for https://res.cdn.office.net/officehub/versionless/workbox-v3.6.2/workbox-routing.prod.js.map: HTTP error: status code 404, net::ERR_HTTP_RESPONSE_CODE_FAILURE
DevTools failed to load source map: Could not load content for https://res.cdn.office.net/officehub/versionless/workbox-v3.6.2/workbox-cache-expiration.prod.js.map: HTTP error: status code 404, net::ERR_HTTP_RESPONSE_CODE_FAILURE
DevTools failed to load source map: Could not load content for https://res.cdn.office.net/officehub/versionless/workbox-v3.6.2/workbox-sw.js.map: HTTP error: status code 404, net::ERR_HTTP_RESPONSE_CODE_FAILURE
DevTools failed to load source map: Could not load content for https://res.cdn.office.net/officehub/versionless/workbox-v3.6.2/workbox-strategies.prod.js.map: HTTP error: status code 404, net::ERR_HTTP_RESPONSE_CODE_FAILURE
DevTools failed to load source map: Could not load content for https://res.cdn.office.net/officehub/versionless/workbox-v3.6.2/workbox-navigation-preload.prod.js.map: HTTP error: status code 404, net::ERR_HTTP_RESPONSE_CODE_FAILURE
DevTools failed to load source map: Could not load content for https://res.cdn.office.net/officehub/versionless/workbox-v3.6.2/workbox-core.prod.js.map: HTTP error: status code 404, net::ERR_HTTP_RESPONSE_CODE_FAILURE
DevTools failed to load source map: Could not load content for https://res.cdn.office.net/officehub/versionless/workbox-v3.6.2/workbox-cacheable-response.prod.js.map: HTTP error: status code 404, net::ERR_HTTP_RESPONSE_CODE_FAILURE
DevTools failed to load source map: Could not load content for https://mem.gfx.ms/meInlineBackCompat.min.js.map: HTTP error: status code 404, net::ERR_HTTP_RESPONSE_CODE_FAILURE
DevTools failed to load source map: Could not load content for https://mem.gfx.ms/scripts/me/MeControl/10.22059.5/en-US/meBoot.min.js.map: HTTP error: status code 404, net::ERR_HTTP_RESPONSE_CODE_FAILURE
unauth-59fa1432f4.js:1 Cross-Origin Read Blocking (CORB) blocked cross-origin response https://web.vortex.data.microsoft.com/collect/v1 with MIME type application/json. See https://www.chromestatus.com/feature/5629709824032768 for more details.
	n @ unauth-59fa1432f4.js:1
	awa.writeEvent @ unauth-59fa1432f4.js:1
	t @ unauth-59fa1432f4.js:1
	S @ unauth-59fa1432f4.js:1
	A @ unauth-59fa1432f4.js:1
	a.onload @ unauth-59fa1432f4.js:1
	load (async)
	a @ unauth-59fa1432f4.js:1
	awa.writeEvent @ unauth-59fa1432f4.js:1
	n @ unauth-59fa1432f4.js:1
	p @ unauth-59fa1432f4.js:2
	e @ unauth-59fa1432f4.js:2
	awa.init @ unauth-59fa1432f4.js:1
	initializeLogging @ (index):1136
	(anonymous) @ (index):1174
	l @ unauth-vendor-320f34a99e.js:2
	fireWith @ unauth-vendor-320f34a99e.js:2
	ready @ unauth-vendor-320f34a99e.js:2
	s @ unauth-vendor-320f34a99e.js:1
DevTools failed to load source map: Could not load content for https://mem.gfx.ms/scripts/me/MeControl/10.22059.5/en-US/meCore.min.js.map: HTTP error: status code 404, net::ERR_HTTP_RESPONSE_CODE_FAILURE
unauth-59fa1432f4.js:1 Cross-Origin Read Blocking (CORB) blocked cross-origin response https://web.vortex.data.microsoft.com/collect/v1 with MIME type application/json. See https://www.chromestatus.com/feature/5629709824032768 for more details.
	n @ unauth-59fa1432f4.js:1
	awa.writeEvent @ unauth-59fa1432f4.js:1
	n @ unauth-59fa1432f4.js:1
	f @ unauth-59fa1432f4.js:2
	m @ unauth-59fa1432f4.js:2
	n @ unauth-59fa1432f4.js:2
	a @ VM53:1
	t @ unauth-59fa1432f4.js:2
	(anonymous) @ VM53:1
	setTimeout (async)
	t @ unauth-59fa1432f4.js:2
	(anonymous) @ VM51:1
	setTimeout (async)
	t @ unauth-59fa1432f4.js:2
	(anonymous) @ VM50:1
	setTimeout (async)
	t @ unauth-59fa1432f4.js:2
	(anonymous) @ VM49:1
	setTimeout (async)
	t @ unauth-59fa1432f4.js:2
	(anonymous) @ VM48:1
	setTimeout (async)
	t @ unauth-59fa1432f4.js:2
	(anonymous) @ VM47:1
	setTimeout (async)
	t @ unauth-59fa1432f4.js:2
	(anonymous) @ VM46:1
	setTimeout (async)
	t @ unauth-59fa1432f4.js:2
	(anonymous) @ VM45:1
	setTimeout (async)
	t @ unauth-59fa1432f4.js:2
	(anonymous) @ VM44:1
	setTimeout (async)
	t @ unauth-59fa1432f4.js:2
	(anonymous) @ VM43:1
	setTimeout (async)
	t @ unauth-59fa1432f4.js:2
	(anonymous) @ VM42:1
	setTimeout (async)
	t @ unauth-59fa1432f4.js:2
	(anonymous) @ VM41:1
	setTimeout (async)
	t @ unauth-59fa1432f4.js:2
	(anonymous) @ VM39:1
	setTimeout (async)
	t @ unauth-59fa1432f4.js:2
	e @ unauth-59fa1432f4.js:2
	awa.init @ unauth-59fa1432f4.js:1
	initializeLogging @ (index):1136
	(anonymous) @ (index):1174
	l @ unauth-vendor-320f34a99e.js:2
	fireWith @ unauth-vendor-320f34a99e.js:2
	ready @ unauth-vendor-320f34a99e.js:2
	s @ unauth-vendor-320f34a99e.js:1
meCore.min.js:1 Cross-Origin Read Blocking (CORB) blocked cross-origin response https://web.vortex.data.microsoft.com/collect/v1 with MIME type application/json. See https://www.chromestatus.com/feature/5629709824032768 for more details.
	Dt @ meCore.min.js:1
	Y @ meversion?partner=office&market=en-us&uhf=1:1
	setTimeout (async)
	K @ meversion?partner=office&market=en-us&uhf=1:1
	(anonymous) @ meversion?partner=office&market=en-us&uhf=1:1
	ue @ meversion?partner=office&market=en-us&uhf=1:1
	t.enhanceTelemetry @ meCore.min.js:1
	(anonymous) @ meBoot.min.js:1
	(anonymous) @ meversion?partner=office&market=en-us&uhf=1:1
	Promise.then (async)
	p.Promise.p.Promise.toString.indexOf.xe._immediateFn @ meversion?partner=office&market=en-us&uhf=1:1
	De @ meversion?partner=office&market=en-us&uhf=1:1
	ke @ meversion?partner=office&market=en-us&uhf=1:1
	_e @ meversion?partner=office&market=en-us&uhf=1:1
	t @ meversion?partner=office&market=en-us&uhf=1:1
	(anonymous) @ meversion?partner=office&market=en-us&uhf=1:1
	(anonymous) @ meversion?partner=office&market=en-us&uhf=1:1
	Promise.then (async)
	p.Promise.p.Promise.toString.indexOf.xe._immediateFn @ meversion?partner=office&market=en-us&uhf=1:1
	De @ meversion?partner=office&market=en-us&uhf=1:1
	ke @ meversion?partner=office&market=en-us&uhf=1:1
	_e @ meversion?partner=office&market=en-us&uhf=1:1
	t @ meversion?partner=office&market=en-us&uhf=1:1
	(anonymous) @ meversion?partner=office&market=en-us&uhf=1:1
	Promise.then (async)
	p.Promise.p.Promise.toString.indexOf.xe._immediateFn @ meversion?partner=office&market=en-us&uhf=1:1
	De @ meversion?partner=office&market=en-us&uhf=1:1
	ke @ meversion?partner=office&market=en-us&uhf=1:1
	_e @ meversion?partner=office&market=en-us&uhf=1:1
	(anonymous) @ meversion?partner=office&market=en-us&uhf=1:1
	Promise.then (async)
	p.Promise.p.Promise.toString.indexOf.xe._immediateFn @ meversion?partner=office&market=en-us&uhf=1:1
	De @ meversion?partner=office&market=en-us&uhf=1:1
	ke @ meversion?partner=office&market=en-us&uhf=1:1
	_e @ meversion?partner=office&market=en-us&uhf=1:1
	(anonymous) @ meversion?partner=office&market=en-us&uhf=1:1
	Promise.then (async)
	p.Promise.p.Promise.toString.indexOf.xe._immediateFn @ meversion?partner=office&market=en-us&uhf=1:1
	De @ meversion?partner=office&market=en-us&uhf=1:1
	ke @ meversion?partner=office&market=en-us&uhf=1:1
	_e @ meversion?partner=office&market=en-us&uhf=1:1
	t @ meversion?partner=office&market=en-us&uhf=1:1
	c @ meversion?partner=office&market=en-us&uhf=1:1
	(anonymous) @ meversion?partner=office&market=en-us&uhf=1:1
	(anonymous) @ meversion?partner=office&market=en-us&uhf=1:1
	Promise.then (async)
	p.Promise.p.Promise.toString.indexOf.xe._immediateFn @ meversion?partner=office&market=en-us&uhf=1:1
	De @ meversion?partner=office&market=en-us&uhf=1:1
	xe.then @ meversion?partner=office&market=en-us&uhf=1:1
	c @ meversion?partner=office&market=en-us&uhf=1:1
	(anonymous) @ meversion?partner=office&market=en-us&uhf=1:1
	je @ meversion?partner=office&market=en-us&uhf=1:1
	xe @ meversion?partner=office&market=en-us&uhf=1:1
	xe.all @ meversion?partner=office&market=en-us&uhf=1:1
	e @ meversion?partner=office&market=en-us&uhf=1:1
	Xe @ meversion?partner=office&market=en-us&uhf=1:1
	t.onload @ meversion?partner=office&market=en-us&uhf=1:1
	load (async)
	(anonymous) @ meversion?partner=office&market=en-us&uhf=1:1
	je @ meversion?partner=office&market=en-us&uhf=1:1
	xe @ meversion?partner=office&market=en-us&uhf=1:1
	(anonymous) @ meversion?partner=office&market=en-us&uhf=1:1
	He @ meversion?partner=office&market=en-us&uhf=1:1
	(anonymous) @ meBoot.min.js:1
	(anonymous) @ meversion?partner=office&market=en-us&uhf=1:1
	Promise.then (async)
	p.Promise.p.Promise.toString.indexOf.xe._immediateFn @ meversion?partner=office&market=en-us&uhf=1:1
	De @ meversion?partner=office&market=en-us&uhf=1:1
	ke @ meversion?partner=office&market=en-us&uhf=1:1
	_e @ meversion?partner=office&market=en-us&uhf=1:1
	t @ meversion?partner=office&market=en-us&uhf=1:1
	n @ meBoot.min.js:1
	load (async)
	Zt @ meBoot.min.js:1
	t.init @ meBoot.min.js:1
	(anonymous) @ meversion?partner=office&market=en-us&uhf=1:1
	(anonymous) @ meversion?partner=office&market=en-us&uhf=1:1
	Promise.then (async)
	p.Promise.p.Promise.toString.indexOf.xe._immediateFn @ meversion?partner=office&market=en-us&uhf=1:1
	De @ meversion?partner=office&market=en-us&uhf=1:1
	ke @ meversion?partner=office&market=en-us&uhf=1:1
	_e @ meversion?partner=office&market=en-us&uhf=1:1
	t @ meversion?partner=office&market=en-us&uhf=1:1
	(anonymous) @ meversion?partner=office&market=en-us&uhf=1:1
	(anonymous) @ meversion?partner=office&market=en-us&uhf=1:1
	Promise.then (async)
	p.Promise.p.Promise.toString.indexOf.xe._immediateFn @ meversion?partner=office&market=en-us&uhf=1:1
	De @ meversion?partner=office&market=en-us&uhf=1:1
	ke @ meversion?partner=office&market=en-us&uhf=1:1
	_e @ meversion?partner=office&market=en-us&uhf=1:1
	t @ meversion?partner=office&market=en-us&uhf=1:1
	(anonymous) @ meversion?partner=office&market=en-us&uhf=1:1
	Promise.then (async)
	p.Promise.p.Promise.toString.indexOf.xe._immediateFn @ meversion?partner=office&market=en-us&uhf=1:1
	De @ meversion?partner=office&market=en-us&uhf=1:1
	ke @ meversion?partner=office&market=en-us&uhf=1:1
	_e @ meversion?partner=office&market=en-us&uhf=1:1
	(anonymous) @ meversion?partner=office&market=en-us&uhf=1:1
	Promise.then (async)
	p.Promise.p.Promise.toString.indexOf.xe._immediateFn @ meversion?partner=office&market=en-us&uhf=1:1
	De @ meversion?partner=office&market=en-us&uhf=1:1
	ke @ meversion?partner=office&market=en-us&uhf=1:1
	_e @ meversion?partner=office&market=en-us&uhf=1:1
	(anonymous) @ meversion?partner=office&market=en-us&uhf=1:1
	Promise.then (async)
	p.Promise.p.Promise.toString.indexOf.xe._immediateFn @ meversion?partner=office&market=en-us&uhf=1:1
	De @ meversion?partner=office&market=en-us&uhf=1:1
	ke @ meversion?partner=office&market=en-us&uhf=1:1
	_e @ meversion?partner=office&market=en-us&uhf=1:1
	t @ meversion?partner=office&market=en-us&uhf=1:1
	c @ meversion?partner=office&market=en-us&uhf=1:1
	(anonymous) @ meversion?partner=office&market=en-us&uhf=1:1
	(anonymous) @ meversion?partner=office&market=en-us&uhf=1:1
	Promise.then (async)
	p.Promise.p.Promise.toString.indexOf.xe._immediateFn @ meversion?partner=office&market=en-us&uhf=1:1
	De @ meversion?partner=office&market=en-us&uhf=1:1
	xe.then @ meversion?partner=office&market=en-us&uhf=1:1
	c @ meversion?partner=office&market=en-us&uhf=1:1
	(anonymous) @ meversion?partner=office&market=en-us&uhf=1:1
	je @ meversion?partner=office&market=en-us&uhf=1:1
	xe @ meversion?partner=office&market=en-us&uhf=1:1
	xe.all @ meversion?partner=office&market=en-us&uhf=1:1
	e @ meversion?partner=office&market=en-us&uhf=1:1
	Xe @ meversion?partner=office&market=en-us&uhf=1:1
	t.onload @ meversion?partner=office&market=en-us&uhf=1:1
	load (async)
	(anonymous) @ meversion?partner=office&market=en-us&uhf=1:1
	je @ meversion?partner=office&market=en-us&uhf=1:1
	xe @ meversion?partner=office&market=en-us&uhf=1:1
	(anonymous) @ meversion?partner=office&market=en-us&uhf=1:1
	He @ meversion?partner=office&market=en-us&uhf=1:1
	rn @ meversion?partner=office&market=en-us&uhf=1:1
	load @ meversion?partner=office&market=en-us&uhf=1:1
	rt @ 37-8473b9?ver=2.0&_cf=20210618&iife=1:9
	it @ 37-8473b9?ver=2.0&_cf=20210618&iife=1:9
	at @ 37-8473b9?ver=2.0&_cf=20210618&iife=1:9
	load @ 37-8473b9?ver=2.0&_cf=20210618&iife=1:9
	window.onShellReadyToLoad @ (index):1441
	vt @ 37-8473b9?ver=2.0&_cf=20210618&iife=1:9
	n @ 37-8473b9?ver=2.0&_cf=20210618&iife=1:9
	e @ 37-8473b9?ver=2.0&_cf=20210618&iife=1:5
	n.callBindFunction @ 37-8473b9?ver=2.0&_cf=20210618&iife=1:5
	n.createComponent @ 37-8473b9?ver=2.0&_cf=20210618&iife=1:5
	n.create @ 37-8473b9?ver=2.0&_cf=20210618&iife=1:5
	(anonymous) @ 37-8473b9?ver=2.0&_cf=20210618&iife=1:9
	o @ 37-8473b9?ver=2.0&_cf=20210618&iife=1:5
	(anonymous) @ 37-8473b9?ver=2.0&_cf=20210618&iife=1:5
	setTimeout (async)
	u @ 37-8473b9?ver=2.0&_cf=20210618&iife=1:5
	(anonymous) @ 37-8473b9?ver=2.0&_cf=20210618&iife=1:9
	(anonymous) @ 37-8473b9?ver=2.0&_cf=20210618&iife=1:9
