VM184 aria.js:1 Uncaught TypeError: Cannot read properties of null (reading 'insertBefore')
		at Object.addWelcomeContent (VM184 aria.js:1:6151)
		at VM184 aria.js:1:12972
		at VM184 aria.js:1:13323
		at VM184 aria.js:1:13326
	addWelcomeContent @ VM184 aria.js:1
	(anonymous) @ VM184 aria.js:1
	(anonymous) @ VM184 aria.js:1
	(anonymous) @ VM184 aria.js:1
index.js:1 load-js: duplicate script with url: https://astyle.alicdn.com/fdevlib/js/gallery/jquery/jquery-latest.js
	(anonymous) @ index.js:1
	n @ index.js:1
	(anonymous) @ index.js:1
	(anonymous) @ index.js:1
	(anonymous) @ index.js:1
	os @ index.js:1
	gl @ index.js:1
	t.unstable_runWithPriority @ index.js:1
	Uo @ index.js:1
	ml @ index.js:1
	Zs @ index.js:1
	(anonymous) @ index.js:1
	t.unstable_runWithPriority @ index.js:1
	Uo @ index.js:1
	Yo @ index.js:1
	qo @ index.js:1
	tl @ index.js:1
	Bl @ index.js:1
	t.hydrate @ index.js:1
	r @ index.js:1
	(anonymous) @ index.js:1
	n @ index.js:1
	(anonymous) @ index.js:1
	(anonymous) @ index.js:1
index.js:1 load-js: duplicate script with url: https://astyle.alicdn.com/fdevlib/js/lofty/port/lofty.js
	(anonymous) @ index.js:1
	n @ index.js:1
	(anonymous) @ index.js:1
	(anonymous) @ index.js:1
	(anonymous) @ index.js:1
	os @ index.js:1
	gl @ index.js:1
	t.unstable_runWithPriority @ index.js:1
	Uo @ index.js:1
	ml @ index.js:1
	Zs @ index.js:1
	(anonymous) @ index.js:1
	t.unstable_runWithPriority @ index.js:1
	Uo @ index.js:1
	Yo @ index.js:1
	qo @ index.js:1
	tl @ index.js:1
	Bl @ index.js:1
	t.hydrate @ index.js:1
	r @ index.js:1
	(anonymous) @ index.js:1
	n @ index.js:1
	(anonymous) @ index.js:1
	(anonymous) @ index.js:1
index.js:1 load-js: duplicate script with url: https://astyle.alicdn.com/fdevlib/js/lofty/alicn/suggestion/3.0/input.js
	(anonymous) @ index.js:1
	n @ index.js:1
	(anonymous) @ index.js:1
	(anonymous) @ index.js:1
	(anonymous) @ index.js:1
	os @ index.js:1
	gl @ index.js:1
	t.unstable_runWithPriority @ index.js:1
	Uo @ index.js:1
	ml @ index.js:1
	Zs @ index.js:1
	(anonymous) @ index.js:1
	t.unstable_runWithPriority @ index.js:1
	Uo @ index.js:1
	Yo @ index.js:1
	qo @ index.js:1
	tl @ index.js:1
	Bl @ index.js:1
	t.hydrate @ index.js:1
	r @ index.js:1
	(anonymous) @ index.js:1
	n @ index.js:1
	(anonymous) @ index.js:1
	(anonymous) @ index.js:1
index.js:1 [iLoader] 柯南sdk-loader重复引入，建议移除多余的脚本引入 html查找关键字："ihelper/sdk-loader"
	warn @ index.js:1
	(anonymous) @ index.js:1
	f @ index.js:1
	e._invoke @ index.js:1
	(anonymous) @ index.js:1
	Y @ index.js:1
	o @ index.js:1
	(anonymous) @ index.js:1
	o @ index.js:1
	(anonymous) @ index.js:1
	(anonymous) @ index.js:1
	(anonymous) @ index.js:1
	(anonymous) @ index.js:1
	(anonymous) @ index.js:1
www.1688.com/:1 Mixed Content: The page at 'https://www.1688.com/' was loaded over HTTPS, but requested an insecure element 'http://img.china.alibaba.com/img/ibank/O1CN01G0b3z522XadvlZoA1_!!3472037130-0-cib.310x310.jpg_.webp'. This request was automatically upgraded to HTTPS, For more information see https://blog.chromium.org/2019/10/no-more-mixed-messages-about-https.html
www.1688.com/:1 Mixed Content: The page at 'https://www.1688.com/' was loaded over HTTPS, but requested an insecure element 'http://img.china.alibaba.com/img/ibank/O1CN016tNojD2JlBsxJtkil_!!2209430979461-0-cib.310x310.jpg_.webp'. This request was automatically upgraded to HTTPS, For more information see https://blog.chromium.org/2019/10/no-more-mixed-messages-about-https.html
www.1688.com/:1 Mixed Content: The page at 'https://www.1688.com/' was loaded over HTTPS, but requested an insecure element 'http://img.china.alibaba.com/img/ibank/O1CN01n2POMR1LkqfSiUWhl_!!2211969411338-0-cib.310x310.jpg_.webp'. This request was automatically upgraded to HTTPS, For more information see https://blog.chromium.org/2019/10/no-more-mixed-messages-about-https.html
v6.js?_v=5503711.js:9          GET https://localhost.wwbizsrv.alibaba.com:4013/?callback=jQuery183035640870566464655_1651613194033&_=1651613194472 net::ERR_CONNECTION_REFUSED
	send @ v6.js?_v=5503711.js:9
	ajax @ v6.js?_v=5503711.js:9
	localServer @ v6.js?_v=5503711.js:11
	checkInstalled @ v6.js?_v=5503711.js:11
	(anonymous) @ v6.js?_v=5503711.js:11
	d @ v6.js?_v=5503711.js:6
	fireWith @ v6.js?_v=5503711.js:6
	ready @ v6.js?_v=5503711.js:6
	ve @ v6.js?_v=5503711.js:6
v6.js?_v=5503711.js:9          GET https://localhost.wwbizsrv.alibaba.com:4813/?callback=jQuery183035640870566464655_1651613194034&_=1651613195979 net::ERR_CONNECTION_REFUSED
	send @ v6.js?_v=5503711.js:9
	ajax @ v6.js?_v=5503711.js:9
	localServer @ v6.js?_v=5503711.js:11
	(anonymous) @ v6.js?_v=5503711.js:11
	(anonymous) @ v6.js?_v=5503711.js:11
	setTimeout (async)
	localServer @ v6.js?_v=5503711.js:11
	checkInstalled @ v6.js?_v=5503711.js:11
	(anonymous) @ v6.js?_v=5503711.js:11
	d @ v6.js?_v=5503711.js:6
	fireWith @ v6.js?_v=5503711.js:6
	ready @ v6.js?_v=5503711.js:6
	ve @ v6.js?_v=5503711.js:6
