_init_.js:1 喜欢看豆瓣的代码，还是发现了什么bug？不如和我们一起为豆瓣添砖加瓦吧！
http://jobs.douban.com/#position-zsqd
MnJwNGlleS9mL2FkanMvY2M1OGQyNTQ2N2I2YmQzOTlmNTliMGJiMjI4MWRhZTlkNTNjYTFkZC9hZC5yZWxlYXNlLmpz:1 [Warning]: ad_slot: null is not exist
(anonymous) @ MnJwNGlleS9mL2FkanMvY2M1OGQyNTQ2N2I2YmQzOTlmNTliMGJiMjI4MWRhZTlkNTNjYTFkZC9hZC5yZWxlYXNlLmpz:1
MnJwNGlleS9mL2FkanMvY2M1OGQyNTQ2N2I2YmQzOTlmNTliMGJiMjI4MWRhZTlkNTNjYTFkZC9hZC5yZWxlYXNlLmpz:1 [Warning]: ad_slot: null is not exist
(anonymous) @ MnJwNGlleS9mL2FkanMvY2M1OGQyNTQ2N2I2YmQzOTlmNTliMGJiMjI4MWRhZTlkNTNjYTFkZC9hZC5yZWxlYXNlLmpz:1
MnJwNGlleS9mL2FkanMvY2M1OGQyNTQ2N2I2YmQzOTlmNTliMGJiMjI4MWRhZTlkNTNjYTFkZC9hZC5yZWxlYXNlLmpz:1 [Warning]: dale_anonymous_homepage_top_for_crazy_ad content is empty
(anonymous) @ MnJwNGlleS9mL2FkanMvY2M1OGQyNTQ2N2I2YmQzOTlmNTliMGJiMjI4MWRhZTlkNTNjYTFkZC9hZC5yZWxlYXNlLmpz:1
MnJwNGlleS9mL2FkanMvY2M1OGQyNTQ2N2I2YmQzOTlmNTliMGJiMjI4MWRhZTlkNTNjYTFkZC9hZC5yZWxlYXNlLmpz:1 [Warning]: dale_anonymous_homepage_movie_bottom content is empty
(anonymous) @ MnJwNGlleS9mL2FkanMvY2M1OGQyNTQ2N2I2YmQzOTlmNTliMGJiMjI4MWRhZTlkNTNjYTFkZC9hZC5yZWxlYXNlLmpz:1
MnJwNGlleS9mL2FkanMvY2M1OGQyNTQ2N2I2YmQzOTlmNTliMGJiMjI4MWRhZTlkNTNjYTFkZC9hZC5yZWxlYXNlLmpz:1 [Warning]: dale_homepage_online_activity_promo_1 content is empty
(anonymous) @ MnJwNGlleS9mL2FkanMvY2M1OGQyNTQ2N2I2YmQzOTlmNTliMGJiMjI4MWRhZTlkNTNjYTFkZC9hZC5yZWxlYXNlLmpz:1
MnJwNGlleS9mL2FkanMvY2M1OGQyNTQ2N2I2YmQzOTlmNTliMGJiMjI4MWRhZTlkNTNjYTFkZC9hZC5yZWxlYXNlLmpz:1 [Warning]: dale_anonymous_homepage_doublemint content is empty
(anonymous) @ MnJwNGlleS9mL2FkanMvY2M1OGQyNTQ2N2I2YmQzOTlmNTliMGJiMjI4MWRhZTlkNTNjYTFkZC9hZC5yZWxlYXNlLmpz:1
MnJwNGlleS9mL2FkanMvY2M1OGQyNTQ2N2I2YmQzOTlmNTliMGJiMjI4MWRhZTlkNTNjYTFkZC9hZC5yZWxlYXNlLmpz:1 [Warning]: dale_anonymous_home_page_middle_2 content is empty
(anonymous) @ MnJwNGlleS9mL2FkanMvY2M1OGQyNTQ2N2I2YmQzOTlmNTliMGJiMjI4MWRhZTlkNTNjYTFkZC9hZC5yZWxlYXNlLmpz:1
MnJwNGlleS9mL2FkanMvY2M1OGQyNTQ2N2I2YmQzOTlmNTliMGJiMjI4MWRhZTlkNTNjYTFkZC9hZC5yZWxlYXNlLmpz:1 [Warning]: dale_anonymous_home_page_bottom content is empty
(anonymous) @ MnJwNGlleS9mL2FkanMvY2M1OGQyNTQ2N2I2YmQzOTlmNTliMGJiMjI4MWRhZTlkNTNjYTFkZC9hZC5yZWxlYXNlLmpz:1
MnJwNGlleS9mL2FkanMvY2M1OGQyNTQ2N2I2YmQzOTlmNTliMGJiMjI4MWRhZTlkNTNjYTFkZC9hZC5yZWxlYXNlLmpz:1 [Warning]: dale_anonymous_homepage_top_for_crazy_ad content is empty
(anonymous) @ MnJwNGlleS9mL2FkanMvY2M1OGQyNTQ2N2I2YmQzOTlmNTliMGJiMjI4MWRhZTlkNTNjYTFkZC9hZC5yZWxlYXNlLmpz:1
MnJwNGlleS9mL2FkanMvY2M1OGQyNTQ2N2I2YmQzOTlmNTliMGJiMjI4MWRhZTlkNTNjYTFkZC9hZC5yZWxlYXNlLmpz:1 [Warning]: dale_anonymous_homepage_movie_bottom content is empty
(anonymous) @ MnJwNGlleS9mL2FkanMvY2M1OGQyNTQ2N2I2YmQzOTlmNTliMGJiMjI4MWRhZTlkNTNjYTFkZC9hZC5yZWxlYXNlLmpz:1
MnJwNGlleS9mL2FkanMvY2M1OGQyNTQ2N2I2YmQzOTlmNTliMGJiMjI4MWRhZTlkNTNjYTFkZC9hZC5yZWxlYXNlLmpz:1 [Warning]: dale_homepage_online_activity_promo_1 content is empty
(anonymous) @ MnJwNGlleS9mL2FkanMvY2M1OGQyNTQ2N2I2YmQzOTlmNTliMGJiMjI4MWRhZTlkNTNjYTFkZC9hZC5yZWxlYXNlLmpz:1
MnJwNGlleS9mL2FkanMvY2M1OGQyNTQ2N2I2YmQzOTlmNTliMGJiMjI4MWRhZTlkNTNjYTFkZC9hZC5yZWxlYXNlLmpz:1 [Warning]: dale_anonymous_homepage_doublemint content is empty
(anonymous) @ MnJwNGlleS9mL2FkanMvY2M1OGQyNTQ2N2I2YmQzOTlmNTliMGJiMjI4MWRhZTlkNTNjYTFkZC9hZC5yZWxlYXNlLmpz:1
MnJwNGlleS9mL2FkanMvY2M1OGQyNTQ2N2I2YmQzOTlmNTliMGJiMjI4MWRhZTlkNTNjYTFkZC9hZC5yZWxlYXNlLmpz:1 [Warning]: dale_anonymous_home_page_middle_2 content is empty
(anonymous) @ MnJwNGlleS9mL2FkanMvY2M1OGQyNTQ2N2I2YmQzOTlmNTliMGJiMjI4MWRhZTlkNTNjYTFkZC9hZC5yZWxlYXNlLmpz:1
MnJwNGlleS9mL2FkanMvY2M1OGQyNTQ2N2I2YmQzOTlmNTliMGJiMjI4MWRhZTlkNTNjYTFkZC9hZC5yZWxlYXNlLmpz:1 [Warning]: dale_anonymous_home_page_bottom content is empty
(anonymous) @ MnJwNGlleS9mL2FkanMvY2M1OGQyNTQ2N2I2YmQzOTlmNTliMGJiMjI4MWRhZTlkNTNjYTFkZC9hZC5yZWxlYXNlLmpz:1
MnJwNGlleS9mL2FkanMvY2M1OGQyNTQ2N2I2YmQzOTlmNTliMGJiMjI4MWRhZTlkNTNjYTFkZC9hZC5yZWxlYXNlLmpz:1 [Warning]: dale_anonymous_homepage_top_for_crazy_ad content is empty
(anonymous) @ MnJwNGlleS9mL2FkanMvY2M1OGQyNTQ2N2I2YmQzOTlmNTliMGJiMjI4MWRhZTlkNTNjYTFkZC9hZC5yZWxlYXNlLmpz:1
MnJwNGlleS9mL2FkanMvY2M1OGQyNTQ2N2I2YmQzOTlmNTliMGJiMjI4MWRhZTlkNTNjYTFkZC9hZC5yZWxlYXNlLmpz:1 [Warning]: dale_homepage_online_activity_promo_1 content is empty
(anonymous) @ MnJwNGlleS9mL2FkanMvY2M1OGQyNTQ2N2I2YmQzOTlmNTliMGJiMjI4MWRhZTlkNTNjYTFkZC9hZC5yZWxlYXNlLmpz:1
MnJwNGlleS9mL2FkanMvY2M1OGQyNTQ2N2I2YmQzOTlmNTliMGJiMjI4MWRhZTlkNTNjYTFkZC9hZC5yZWxlYXNlLmpz:1 [Warning]: dale_anonymous_homepage_movie_bottom content is empty
(anonymous) @ MnJwNGlleS9mL2FkanMvY2M1OGQyNTQ2N2I2YmQzOTlmNTliMGJiMjI4MWRhZTlkNTNjYTFkZC9hZC5yZWxlYXNlLmpz:1
MnJwNGlleS9mL2FkanMvY2M1OGQyNTQ2N2I2YmQzOTlmNTliMGJiMjI4MWRhZTlkNTNjYTFkZC9hZC5yZWxlYXNlLmpz:1 [Warning]: dale_anonymous_homepage_doublemint content is empty
(anonymous) @ MnJwNGlleS9mL2FkanMvY2M1OGQyNTQ2N2I2YmQzOTlmNTliMGJiMjI4MWRhZTlkNTNjYTFkZC9hZC5yZWxlYXNlLmpz:1
MnJwNGlleS9mL2FkanMvY2M1OGQyNTQ2N2I2YmQzOTlmNTliMGJiMjI4MWRhZTlkNTNjYTFkZC9hZC5yZWxlYXNlLmpz:1 [Warning]: dale_anonymous_home_page_bottom content is empty
(anonymous) @ MnJwNGlleS9mL2FkanMvY2M1OGQyNTQ2N2I2YmQzOTlmNTliMGJiMjI4MWRhZTlkNTNjYTFkZC9hZC5yZWxlYXNlLmpz:1
MnJwNGlleS9mL2FkanMvY2M1OGQyNTQ2N2I2YmQzOTlmNTliMGJiMjI4MWRhZTlkNTNjYTFkZC9hZC5yZWxlYXNlLmpz:1 [Warning]: dale_anonymous_home_page_middle_2 content is empty
(anonymous) @ MnJwNGlleS9mL2FkanMvY2M1OGQyNTQ2N2I2YmQzOTlmNTliMGJiMjI4MWRhZTlkNTNjYTFkZC9hZC5yZWxlYXNlLmpz:1
